#
# There is insufficient memory for the Java Runtime Environment to continue.
# Native memory allocation (malloc) failed to allocate 932496 bytes for Chunk::new
# Possible reasons:
#   The system is out of physical RAM or swap space
#   The process is running with CompressedOops enabled, and the Java Heap may be blocking the growth of the native heap
# Possible solutions:
#   Reduce memory load on the system
#   Increase physical memory or swap space
#   Check if swap backing store is full
#   Decrease Java heap size (-Xmx/-Xms)
#   Decrease number of Java threads
#   Decrease Java thread stack sizes (-Xss)
#   Set larger code cache with -XX:ReservedCodeCacheSize=
#   JVM is running with Unscaled Compressed Oops mode in which the Java heap is
#     placed in the first 4GB address space. The Java Heap base address is the
#     maximum limit for the native heap growth. Please use -XX:HeapBaseMinAddress
#     to set the Java Heap base and to place the Java Heap above 4GB virtual address.
# This output file may be truncated or incomplete.
#
#  Out of Memory Error (allocation.cpp:389), pid=3228, tid=0x0000000000001090
#
# JRE version: OpenJDK Runtime Environment (8.0_242-b01) (build 1.8.0_242-release-1644-b01)
# Java VM: OpenJDK 64-Bit Server VM (25.242-b01 mixed mode windows-amd64 compressed oops)
# Failed to write core dump. Minidumps are not enabled by default on client versions of Windows
#

---------------  T H R E A D  ---------------

Current thread (0x00000000192ff800):  JavaThread "C2 CompilerThread2" daemon [_thread_in_native, id=4240, stack(0x000000001a9e0000,0x000000001aae0000)]

Stack: [0x000000001a9e0000,0x000000001aae0000]
[error occurred during error reporting (printing stack bounds), id 0xc0000005]

Native frames: (J=compiled Java code, j=interpreted, Vv=VM code, C=native code)


Current CompileTask:
C2: 130618 19708       4       com.android.tools.r8.graph.f0::collectIndexedItems (36 bytes)


---------------  P R O C E S S  ---------------

Java Threads: ( => current thread )
  0x000000002cab0000 JavaThread "WorkerExecutor Queue Thread 13" [_thread_blocked, id=7256, stack(0x0000000032a50000,0x0000000032b50000)]
  0x000000002a234000 JavaThread "WorkerExecutor Queue Thread 12" [_thread_blocked, id=13512, stack(0x0000000032950000,0x0000000032a50000)]
  0x00000000225b7800 JavaThread "WorkerExecutor Queue Thread 11" [_thread_blocked, id=19044, stack(0x0000000032850000,0x0000000032950000)]
  0x000000001f8be000 JavaThread "WorkerExecutor Queue Thread 10" [_thread_blocked, id=14200, stack(0x0000000032750000,0x0000000032850000)]
  0x0000000022aec000 JavaThread "WorkerExecutor Queue Thread 9" [_thread_blocked, id=10800, stack(0x0000000032650000,0x0000000032750000)]
  0x0000000022aeb000 JavaThread "WorkerExecutor Queue Thread 8" [_thread_blocked, id=2136, stack(0x0000000032550000,0x0000000032650000)]
  0x0000000022ae8000 JavaThread "WorkerExecutor Queue Thread 7" [_thread_blocked, id=15472, stack(0x0000000032450000,0x0000000032550000)]
  0x0000000022ae7800 JavaThread "WorkerExecutor Queue Thread 6" [_thread_blocked, id=4968, stack(0x0000000032350000,0x0000000032450000)]
  0x0000000022ae9000 JavaThread "WorkerExecutor Queue Thread 5" [_thread_blocked, id=8948, stack(0x0000000032250000,0x0000000032350000)]
  0x0000000022ae9800 JavaThread "WorkerExecutor Queue Thread 4" [_thread_in_Java, id=9344, stack(0x0000000032150000,0x0000000032250000)]
  0x0000000022ae6800 JavaThread "WorkerExecutor Queue Thread 3" [_thread_blocked, id=11788, stack(0x0000000031cf0000,0x0000000031df0000)]
  0x0000000022aea800 JavaThread "ForkJoinPool.commonPool-worker-13" daemon [_thread_blocked, id=9452, stack(0x0000000031bf0000,0x0000000031cf0000)]
  0x0000000022aed800 JavaThread "ForkJoinPool.commonPool-worker-4" daemon [_thread_blocked, id=9780, stack(0x0000000031af0000,0x0000000031bf0000)]
  0x0000000022adf000 JavaThread "ForkJoinPool.commonPool-worker-11" daemon [_thread_blocked, id=8808, stack(0x00000000319f0000,0x0000000031af0000)]
  0x0000000022ae6000 JavaThread "ForkJoinPool.commonPool-worker-2" daemon [_thread_blocked, id=14020, stack(0x00000000318f0000,0x00000000319f0000)]
  0x0000000022ade800 JavaThread "ForkJoinPool.commonPool-worker-9" daemon [_thread_blocked, id=7396, stack(0x00000000317f0000,0x00000000318f0000)]
  0x0000000022ae5000 JavaThread "ForkJoinPool.commonPool-worker-0" daemon [_thread_blocked, id=8840, stack(0x00000000316f0000,0x00000000317f0000)]
  0x0000000022ae4800 JavaThread "ForkJoinPool.commonPool-worker-7" daemon [_thread_blocked, id=15572, stack(0x00000000315f0000,0x00000000316f0000)]
  0x0000000022ae2000 JavaThread "ForkJoinPool.commonPool-worker-14" daemon [_thread_blocked, id=9964, stack(0x00000000314f0000,0x00000000315f0000)]
  0x0000000022ae3800 JavaThread "ForkJoinPool.commonPool-worker-5" daemon [_thread_blocked, id=5236, stack(0x00000000313f0000,0x00000000314f0000)]
  0x0000000022ae1800 JavaThread "ForkJoinPool.commonPool-worker-12" daemon [_thread_blocked, id=2316, stack(0x0000000030ca0000,0x0000000030da0000)]
  0x0000000022ae3000 JavaThread "Cache worker for Java compile cache (D:\projects\android_projects\SmsControl\.gradle\6.1.1\javaCompile)" [_thread_blocked, id=6276, stack(0x00000000309a0000,0x0000000030aa0000)]
  0x0000000022ae0800 JavaThread "Cache worker for Java compile cache (D:\resources\android\.gradle\caches\6.1.1\javaCompile)" [_thread_blocked, id=488, stack(0x00000000308a0000,0x00000000309a0000)]
  0x0000000022ae0000 JavaThread "RMI TCP Connection(1)-127.0.0.1" daemon [_thread_in_native, id=5276, stack(0x00000000307a0000,0x00000000308a0000)]
  0x000000001cdc1000 JavaThread "RMI Reaper" [_thread_blocked, id=264, stack(0x00000000306a0000,0x00000000307a0000)]
  0x000000001cdbc000 JavaThread "RMI TCP Accept-0" daemon [_thread_in_native, id=17544, stack(0x00000000305a0000,0x00000000306a0000)]
  0x000000001cdbf800 JavaThread "GC Daemon" daemon [_thread_blocked, id=18408, stack(0x00000000304a0000,0x00000000305a0000)]
  0x000000001f8c9800 JavaThread "RMI Scheduler(0)" daemon [_thread_blocked, id=16856, stack(0x00000000302a0000,0x00000000303a0000)]
  0x000000001f8c8000 JavaThread "WorkerExecutor Queue Thread 2" [_thread_blocked, id=9240, stack(0x000000002fcd0000,0x000000002fdd0000)]
  0x000000001f8c4000 JavaThread "stdout" [_thread_in_native, id=12676, stack(0x0000000030ef0000,0x0000000030ff0000)]
  0x000000001f8c8800 JavaThread "stderr" [_thread_in_native, id=11924, stack(0x0000000030df0000,0x0000000030ef0000)]
  0x000000001f8bc800 JavaThread "pool-4-thread-1" [_thread_blocked, id=18492, stack(0x000000002ebb0000,0x000000002ecb0000)]
  0x000000001f8c3800 JavaThread "WorkerExecutor Queue" [_thread_blocked, id=13816, stack(0x000000002d860000,0x000000002d960000)]
  0x000000001f8bc000 JavaThread "Cache worker for execution history cache (D:\projects\android_projects\SmsControl\.gradle\6.1.1\executionHistory)" [_thread_blocked, id=10028, stack(0x000000002d520000,0x000000002d620000)]
  0x000000001f8bf800 JavaThread "Execution worker for ':' Thread 11" [_thread_blocked, id=7668, stack(0x0000000027f10000,0x0000000028010000)]
  0x000000001f8c2800 JavaThread "Execution worker for ':' Thread 10" [_thread_blocked, id=10700, stack(0x00000000277e0000,0x00000000278e0000)]
  0x000000001f8bf000 JavaThread "Execution worker for ':' Thread 9" [_thread_blocked, id=11576, stack(0x00000000276e0000,0x00000000277e0000)]
  0x000000001f8ba800 JavaThread "Execution worker for ':' Thread 8" [_thread_blocked, id=13040, stack(0x00000000271e0000,0x00000000272e0000)]
  0x000000001f8c1000 JavaThread "Execution worker for ':' Thread 7" [_thread_blocked, id=17680, stack(0x00000000270e0000,0x00000000271e0000)]
  0x00000000225ba000 JavaThread "Execution worker for ':' Thread 6" [_thread_blocked, id=9696, stack(0x0000000026fe0000,0x00000000270e0000)]
  0x00000000225be800 JavaThread "Execution worker for ':' Thread 5" [_thread_blocked, id=10748, stack(0x0000000026ee0000,0x0000000026fe0000)]
  0x00000000225bc000 JavaThread "Execution worker for ':' Thread 4" [_thread_blocked, id=3116, stack(0x0000000026de0000,0x0000000026ee0000)]
  0x00000000225b1800 JavaThread "Execution worker for ':' Thread 3" [_thread_blocked, id=9960, stack(0x0000000026ce0000,0x0000000026de0000)]
  0x00000000225b8800 JavaThread "Execution worker for ':' Thread 2" [_thread_blocked, id=11280, stack(0x0000000026be0000,0x0000000026ce0000)]
  0x00000000225b1000 JavaThread "Execution worker for ':'" [_thread_blocked, id=17004, stack(0x0000000026ae0000,0x0000000026be0000)]
  0x00000000225b0000 JavaThread "Cache worker for file content cache (D:\projects\android_projects\SmsControl\.gradle\6.1.1\fileContent)" [_thread_blocked, id=18712, stack(0x00000000265a0000,0x00000000266a0000)]
  0x00000000225b2800 JavaThread "Cache worker for Build Output Cleanup Cache (D:\projects\android_projects\SmsControl\.gradle\buildOutputCleanup)" [_thread_blocked, id=17820, stack(0x00000000262a0000,0x00000000263a0000)]
  0x00000000225b4000 JavaThread "Build operations Thread 12" [_thread_blocked, id=7580, stack(0x00000000243d0000,0x00000000244d0000)]
  0x00000000225b7000 JavaThread "Build operations Thread 11" [_thread_blocked, id=16932, stack(0x0000000023cd0000,0x0000000023dd0000)]
  0x00000000225af800 JavaThread "Build operations Thread 10" [_thread_blocked, id=7628, stack(0x0000000023bd0000,0x0000000023cd0000)]
  0x00000000225b6000 JavaThread "Build operations Thread 9" [_thread_blocked, id=19360, stack(0x00000000239d0000,0x0000000023ad0000)]
  0x00000000225b3000 JavaThread "Build operations Thread 8" [_thread_blocked, id=14984, stack(0x00000000238d0000,0x00000000239d0000)]
  0x00000000225b4800 JavaThread "Build operations Thread 7" [_thread_blocked, id=2684, stack(0x00000000237d0000,0x00000000238d0000)]
  0x000000002a235800 JavaThread "Build operations Thread 6" [_thread_blocked, id=7936, stack(0x00000000236d0000,0x00000000237d0000)]
  0x000000002a233000 JavaThread "Build operations Thread 5" [_thread_blocked, id=10052, stack(0x00000000235d0000,0x00000000236d0000)]
  0x000000002a232800 JavaThread "Build operations Thread 4" [_thread_blocked, id=12584, stack(0x00000000234d0000,0x00000000235d0000)]
  0x000000002a231000 JavaThread "Build operations Thread 3" [_thread_blocked, id=10348, stack(0x00000000233d0000,0x00000000234d0000)]
  0x000000002a237000 JavaThread "Build operations Thread 2" [_thread_blocked, id=9296, stack(0x00000000232d0000,0x00000000233d0000)]
  0x000000002a234800 JavaThread "Build operations" [_thread_blocked, id=8968, stack(0x00000000231d0000,0x00000000232d0000)]
  0x000000002a236000 JavaThread "Cache worker for cache directory md-rule (D:\resources\android\.gradle\caches\6.1.1\md-rule)" [_thread_blocked, id=19048, stack(0x00000000230d0000,0x00000000231d0000)]
  0x000000002a230000 JavaThread "Cache worker for cache directory md-supplier (D:\resources\android\.gradle\caches\6.1.1\md-supplier)" [_thread_blocked, id=15776, stack(0x0000000020e40000,0x0000000020f40000)]
  0x000000002a22f800 JavaThread "Cache worker for file hash cache (D:\projects\android_projects\SmsControl\.gradle\6.1.1\fileHashes)" [_thread_blocked, id=13004, stack(0x0000000020d40000,0x0000000020e40000)]
  0x000000002a22e800 JavaThread "Cache worker for checksums cache (D:\projects\android_projects\SmsControl\.gradle\checksums)" [_thread_blocked, id=5908, stack(0x0000000020c40000,0x0000000020d40000)]
  0x000000002a22b000 JavaThread "Thread-55" [_thread_blocked, id=3732, stack(0x0000000020b40000,0x0000000020c40000)]
  0x000000002a22c800 JavaThread "Stdin handler" [_thread_blocked, id=16440, stack(0x000000001e1a0000,0x000000001e2a0000)]
  0x000000002a22e000 JavaThread "Asynchronous log dispatcher for DefaultDaemonConnection: socket connection from /127.0.0.1:58118 to /127.0.0.1:58136" [_thread_blocked, id=13332, stack(0x000000001e0a0000,0x000000001e1a0000)]
  0x000000002a22a000 JavaThread "Daemon worker Thread 2" [_thread_blocked, id=19352, stack(0x000000001dfa0000,0x000000001e0a0000)]
  0x000000002a22b800 JavaThread "Cancel handler" [_thread_blocked, id=16424, stack(0x000000001dca0000,0x000000001dda0000)]
  0x000000002a229800 JavaThread "Handler for socket connection from /127.0.0.1:58118 to /127.0.0.1:58136" [_thread_in_native, id=7612, stack(0x000000001dba0000,0x000000001dca0000)]
  0x000000002a22d000 JavaThread "Daemon Thread 2" [_thread_blocked, id=15712, stack(0x0000000000760000,0x0000000000860000)]
  0x000000002a231800 JavaThread "ForkJoinPool.commonPool-worker-1" daemon [_thread_blocked, id=16588, stack(0x0000000032c00000,0x0000000032d00000)]
  0x000000001f8c5000 JavaThread "Cache worker for file content cache (D:\resources\android\.gradle\caches\6.1.1\fileContent)" [_thread_blocked, id=9508, stack(0x00000000261a0000,0x00000000262a0000)]
  0x000000001f8c7000 JavaThread "Memory manager" [_thread_blocked, id=12352, stack(0x00000000260a0000,0x00000000261a0000)]
  0x000000001cdba800 JavaThread "Cache worker for execution history cache (D:\resources\android\.gradle\caches\6.1.1\executionHistory)" [_thread_blocked, id=1880, stack(0x0000000021400000,0x0000000021500000)]
  0x000000001cdbe000 JavaThread "Cache worker for file hash cache (D:\resources\android\.gradle\caches\6.1.1\fileHashes)" [_thread_blocked, id=7660, stack(0x000000001e8a0000,0x000000001e9a0000)]
  0x000000001cdc0800 JavaThread "File lock request listener" [_thread_in_native, id=15272, stack(0x000000001e7a0000,0x000000001e8a0000)]
  0x000000001cd4f800 JavaThread "Cache worker for journal cache (D:\resources\android\.gradle\caches\journal-1)" [_thread_blocked, id=6936, stack(0x000000001e6a0000,0x000000001e7a0000)]
  0x000000001cbf8000 JavaThread "Daemon periodic checks" [_thread_blocked, id=15624, stack(0x000000001daa0000,0x000000001dba0000)]
  0x000000001cbca000 JavaThread "Incoming local TCP Connector on port 58118" [_thread_in_native, id=4032, stack(0x000000001d8f0000,0x000000001d9f0000)]
  0x000000001cb63000 JavaThread "Daemon health stats" [_thread_blocked, id=6280, stack(0x000000001d7f0000,0x000000001d8f0000)]
  0x000000001938c000 JavaThread "Service Thread" daemon [_thread_blocked, id=8036, stack(0x000000001abe0000,0x000000001ace0000)]
  0x0000000019303800 JavaThread "C1 CompilerThread3" daemon [_thread_blocked, id=15140, stack(0x000000001aae0000,0x000000001abe0000)]
=>0x00000000192ff800 JavaThread "C2 CompilerThread2" daemon [_thread_in_native, id=4240, stack(0x000000001a9e0000,0x000000001aae0000)]
  0x00000000192fb000 JavaThread "C2 CompilerThread1" daemon [_thread_in_native, id=12884, stack(0x000000001a8e0000,0x000000001a9e0000)]
  0x00000000192f3800 JavaThread "C2 CompilerThread0" daemon [_thread_in_native, id=13364, stack(0x000000001a7e0000,0x000000001a8e0000)]
  0x00000000192a1000 JavaThread "Attach Listener" daemon [_thread_blocked, id=8016, stack(0x000000001a6e0000,0x000000001a7e0000)]
  0x0000000019288000 JavaThread "Signal Dispatcher" daemon [_thread_blocked, id=13956, stack(0x000000001a5e0000,0x000000001a6e0000)]
  0x000000000294e000 JavaThread "Finalizer" daemon [_thread_blocked, id=14764, stack(0x000000001a4e0000,0x000000001a5e0000)]
  0x0000000019283000 JavaThread "Reference Handler" daemon [_thread_blocked, id=13668, stack(0x000000001a3e0000,0x000000001a4e0000)]
  0x000000000284e800 JavaThread "main" [_thread_blocked, id=9404, stack(0x0000000002690000,0x0000000002790000)]

Other Threads:
  0x0000000017bb6000 VMThread [stack: 0x000000001a2e0000,0x000000001a3e0000] [id=15688]
  0x0000000019311000 WatcherThread [stack: 0x000000001ace0000,0x000000001ade0000] [id=1316]

VM state:not at safepoint (normal execution)

VM Mutex/Monitor currently owned by a thread: None

heap address: 0x0000000080000000, size: 2048 MB, Compressed Oops mode: 32-bit
Narrow klass base: 0x0000000000000000, Narrow klass shift: 3
Compressed class space size: 1073741824 Address: 0x0000000100000000

Heap:
 PSYoungGen      total 578048K, used 256892K [0x00000000d5580000, 0x0000000100000000, 0x0000000100000000)
  eden space 471552K, 43% used [0x00000000d5580000,0x00000000e1c9f418,0x00000000f2200000)
  from space 106496K, 49% used [0x00000000f9800000,0x00000000fcbbfc08,0x0000000100000000)
  to   space 113664K, 0% used [0x00000000f2200000,0x00000000f2200000,0x00000000f9100000)
 ParOldGen       total 222720K, used 77621K [0x0000000080000000, 0x000000008d980000, 0x00000000d5580000)
  object space 222720K, 34% used [0x0000000080000000,0x0000000084bcd5b8,0x000000008d980000)
 Metaspace       used 99751K, capacity 104597K, committed 105752K, reserved 1140736K
  class space    used 13111K, capacity 14102K, committed 14384K, reserved 1048576K

Card table byte_map: [0x0000000011d10000,0x0000000012120000] byte_map_base: 0x0000000011910000

Marking Bits: (ParMarkBitMap*) 0x000000005d9bf030
 Begin Bits: [0x0000000012dd0000, 0x0000000014dd0000)
 End Bits:   [0x0000000014dd0000, 0x0000000016dd0000)

Polling page: 0x00000000001c0000

CodeCache: size=245760Kb used=53524Kb max_used=54458Kb free=192235Kb
 bounds [0x0000000002950000, 0x0000000005ef0000, 0x0000000011950000]
 total_blobs=16437 nmethods=15522 adapters=825
 compilation: enabled

Compilation events (10 events):
Event: 130.561 Thread 0x0000000019303800 19872       1       com.android.tools.r8.dex.o::g (5 bytes)
Event: 130.561 Thread 0x0000000019303800 nmethod 19872 0x0000000005ab6310 code [0x0000000005ab6460, 0x0000000005ab6570]
Event: 130.561 Thread 0x0000000019303800 19873       1       com.android.tools.r8.dex.c::b (5 bytes)
Event: 130.561 Thread 0x0000000019303800 nmethod 19873 0x00000000032dd7d0 code [0x00000000032dd920, 0x00000000032dda30]
Event: 130.566 Thread 0x0000000019303800 19874       1       com.android.tools.r8.s.a.b.m.a::h (5 bytes)
Event: 130.566 Thread 0x0000000019303800 nmethod 19874 0x00000000032dd510 code [0x00000000032dd660, 0x00000000032dd770]
Event: 130.566 Thread 0x0000000019303800 19875       2       com.android.tools.r8.s.a.b.m.a::b (6 bytes)
Event: 130.566 Thread 0x0000000019303800 nmethod 19875 0x00000000039580d0 code [0x0000000003958220, 0x0000000003958370]
Event: 130.588 Thread 0x00000000192fb000 nmethod 19706 0x0000000005baa190 code [0x0000000005baa4a0, 0x0000000005bacf90]
Event: 130.588 Thread 0x00000000192fb000 19714       4       com.android.tools.r8.graph.Z::collectIndexedItems (64 bytes)

GC Heap History (10 events):
Event: 9.492 GC heap before
{Heap before GC invocations=17 (full 3):
 PSYoungGen      total 501760K, used 489003K [0x00000000d5580000, 0x00000000fc680000, 0x0000000100000000)
  eden space 456192K, 100% used [0x00000000d5580000,0x00000000f1300000,0x00000000f1300000)
  from space 45568K, 72% used [0x00000000f1300000,0x00000000f330ad18,0x00000000f3f80000)
  to   space 47616K, 0% used [0x00000000f9800000,0x00000000f9800000,0x00000000fc680000)
 ParOldGen       total 208896K, used 86682K [0x0000000080000000, 0x000000008cc00000, 0x00000000d5580000)
  object space 208896K, 41% used [0x0000000080000000,0x00000000854a6880,0x000000008cc00000)
 Metaspace       used 82196K, capacity 88035K, committed 88216K, reserved 1124352K
  class space    used 11289K, capacity 12385K, committed 12464K, reserved 1048576K
Event: 9.546 GC heap after
Heap after GC invocations=17 (full 3):
 PSYoungGen      total 561664K, used 47607K [0x00000000d5580000, 0x0000000100000000, 0x0000000100000000)
  eden space 514048K, 0% used [0x00000000d5580000,0x00000000d5580000,0x00000000f4b80000)
  from space 47616K, 99% used [0x00000000f9800000,0x00000000fc67df18,0x00000000fc680000)
  to   space 78336K, 0% used [0x00000000f4b80000,0x00000000f4b80000,0x00000000f9800000)
 ParOldGen       total 208896K, used 151143K [0x0000000080000000, 0x000000008cc00000, 0x00000000d5580000)
  object space 208896K, 72% used [0x0000000080000000,0x0000000089399e50,0x000000008cc00000)
 Metaspace       used 82196K, capacity 88035K, committed 88216K, reserved 1124352K
  class space    used 11289K, capacity 12385K, committed 12464K, reserved 1048576K
}
Event: 11.279 GC heap before
{Heap before GC invocations=18 (full 3):
 PSYoungGen      total 561664K, used 561405K [0x00000000d5580000, 0x0000000100000000, 0x0000000100000000)
  eden space 514048K, 99% used [0x00000000d5580000,0x00000000f4b41888,0x00000000f4b80000)
  from space 47616K, 99% used [0x00000000f9800000,0x00000000fc67df18,0x00000000fc680000)
  to   space 78336K, 0% used [0x00000000f4b80000,0x00000000f4b80000,0x00000000f9800000)
 ParOldGen       total 208896K, used 151143K [0x0000000080000000, 0x000000008cc00000, 0x00000000d5580000)
  object space 208896K, 72% used [0x0000000080000000,0x0000000089399e50,0x000000008cc00000)
 Metaspace       used 82414K, capacity 88209K, committed 88472K, reserved 1126400K
  class space    used 11302K, capacity 12394K, committed 12464K, reserved 1048576K
Event: 11.344 GC heap after
Heap after GC invocations=18 (full 3):
 PSYoungGen      total 592384K, used 78317K [0x00000000d5580000, 0x0000000100000000, 0x0000000100000000)
  eden space 514048K, 0% used [0x00000000d5580000,0x00000000d5580000,0x00000000f4b80000)
  from space 78336K, 99% used [0x00000000f4b80000,0x00000000f97fb748,0x00000000f9800000)
  to   space 106496K, 0% used [0x00000000f9800000,0x00000000f9800000,0x0000000100000000)
 ParOldGen       total 222720K, used 222257K [0x0000000080000000, 0x000000008d980000, 0x00000000d5580000)
  object space 222720K, 99% used [0x0000000080000000,0x000000008d90c748,0x000000008d980000)
 Metaspace       used 82414K, capacity 88209K, committed 88472K, reserved 1126400K
  class space    used 11302K, capacity 12394K, committed 12464K, reserved 1048576K
}
Event: 11.344 GC heap before
{Heap before GC invocations=19 (full 4):
 PSYoungGen      total 592384K, used 78317K [0x00000000d5580000, 0x0000000100000000, 0x0000000100000000)
  eden space 514048K, 0% used [0x00000000d5580000,0x00000000d5580000,0x00000000f4b80000)
  from space 78336K, 99% used [0x00000000f4b80000,0x00000000f97fb748,0x00000000f9800000)
  to   space 106496K, 0% used [0x00000000f9800000,0x00000000f9800000,0x0000000100000000)
 ParOldGen       total 222720K, used 222257K [0x0000000080000000, 0x000000008d980000, 0x00000000d5580000)
  object space 222720K, 99% used [0x0000000080000000,0x000000008d90c748,0x000000008d980000)
 Metaspace       used 82414K, capacity 88209K, committed 88472K, reserved 1126400K
  class space    used 11302K, capacity 12394K, committed 12464K, reserved 1048576K
Event: 11.635 GC heap after
Heap after GC invocations=19 (full 4):
 PSYoungGen      total 592384K, used 0K [0x00000000d5580000, 0x0000000100000000, 0x0000000100000000)
  eden space 514048K, 0% used [0x00000000d5580000,0x00000000d5580000,0x00000000f4b80000)
  from space 78336K, 0% used [0x00000000f4b80000,0x00000000f4b80000,0x00000000f9800000)
  to   space 106496K, 0% used [0x00000000f9800000,0x00000000f9800000,0x0000000100000000)
 ParOldGen       total 222720K, used 162842K [0x0000000080000000, 0x000000008d980000, 0x00000000d5580000)
  object space 222720K, 73% used [0x0000000080000000,0x0000000089f06b40,0x000000008d980000)
 Metaspace       used 81412K, capacity 85355K, committed 88472K, reserved 1126400K
  class space    used 10970K, capacity 11801K, committed 12464K, reserved 1048576K
}
Event: 127.654 GC heap before
{Heap before GC invocations=20 (full 5):
 PSYoungGen      total 592384K, used 514048K [0x00000000d5580000, 0x0000000100000000, 0x0000000100000000)
  eden space 514048K, 100% used [0x00000000d5580000,0x00000000f4b80000,0x00000000f4b80000)
  from space 78336K, 0% used [0x00000000f4b80000,0x00000000f4b80000,0x00000000f9800000)
  to   space 106496K, 0% used [0x00000000f9800000,0x00000000f9800000,0x0000000100000000)
 ParOldGen       total 222720K, used 162842K [0x0000000080000000, 0x000000008d980000, 0x00000000d5580000)
  object space 222720K, 73% used [0x0000000080000000,0x0000000089f06b40,0x000000008d980000)
 Metaspace       used 90716K, capacity 95079K, committed 97048K, reserved 1132544K
  class space    used 12010K, capacity 12893K, committed 13360K, reserved 1048576K
Event: 127.748 GC heap after
Heap after GC invocations=20 (full 5):
 PSYoungGen      total 592384K, used 0K [0x00000000d5580000, 0x0000000100000000, 0x0000000100000000)
  eden space 514048K, 0% used [0x00000000d5580000,0x00000000d5580000,0x00000000f4b80000)
  from space 78336K, 0% used [0x00000000f4b80000,0x00000000f4b80000,0x00000000f9800000)
  to   space 106496K, 0% used [0x00000000f9800000,0x00000000f9800000,0x0000000100000000)
 ParOldGen       total 222720K, used 77613K [0x0000000080000000, 0x000000008d980000, 0x00000000d5580000)
  object space 222720K, 34% used [0x0000000080000000,0x0000000084bcb5b8,0x000000008d980000)
 Metaspace       used 90716K, capacity 95079K, committed 97048K, reserved 1132544K
  class space    used 12010K, capacity 12893K, committed 13360K, reserved 1048576K
}
Event: 130.309 GC heap before
{Heap before GC invocations=21 (full 5):
 PSYoungGen      total 592384K, used 514048K [0x00000000d5580000, 0x0000000100000000, 0x0000000100000000)
  eden space 514048K, 100% used [0x00000000d5580000,0x00000000f4b80000,0x00000000f4b80000)
  from space 78336K, 0% used [0x00000000f4b80000,0x00000000f4b80000,0x00000000f9800000)
  to   space 106496K, 0% used [0x00000000f9800000,0x00000000f9800000,0x0000000100000000)
 ParOldGen       total 222720K, used 77613K [0x0000000080000000, 0x000000008d980000, 0x00000000d5580000)
  object space 222720K, 34% used [0x0000000080000000,0x0000000084bcb5b8,0x000000008d980000)
 Metaspace       used 99642K, capacity 104561K, committed 105752K, reserved 1140736K
  class space    used 13104K, capacity 14096K, committed 14384K, reserved 1048576K
Event: 130.331 GC heap after
Heap after GC invocations=21 (full 5):
 PSYoungGen      total 578048K, used 52991K [0x00000000d5580000, 0x0000000100000000, 0x0000000100000000)
  eden space 471552K, 0% used [0x00000000d5580000,0x00000000d5580000,0x00000000f2200000)
  from space 106496K, 49% used [0x00000000f9800000,0x00000000fcbbfc08,0x0000000100000000)
  to   space 113664K, 0% used [0x00000000f2200000,0x00000000f2200000,0x00000000f9100000)
 ParOldGen       total 222720K, used 77621K [0x0000000080000000, 0x000000008d980000, 0x00000000d5580000)
  object space 222720K, 34% used [0x0000000080000000,0x0000000084bcd5b8,0x000000008d980000)
 Metaspace       used 99642K, capacity 104561K, committed 105752K, reserved 1140736K
  class space    used 13104K, capacity 14096K, committed 14384K, reserved 1048576K
}

Deoptimization events (10 events):
Event: 130.407 Thread 0x0000000022ae8000 Uncommon trap: reason=unstable_if action=reinterpret pc=0x0000000003537c44 method=java.util.zip.DeflaterOutputStream.deflate()V @ 19
Event: 130.408 Thread 0x000000002cab0000 Uncommon trap: reason=class_check action=maybe_recompile pc=0x0000000005ebf098 method=com.android.tools.r8.utils.f0.K()Z @ 6
Event: 130.427 Thread 0x000000001f8be000 Uncommon trap: reason=unstable_if action=reinterpret pc=0x00000000041922b4 method=java.util.TimSort.mergeCollapse()V @ 61
Event: 130.455 Thread 0x0000000022aeb000 Uncommon trap: reason=predicate action=maybe_recompile pc=0x000000000332cd18 method=java.util.TimSort.mergeLo(IIII)V @ 153
Event: 130.455 Thread 0x0000000022aeb000 Uncommon trap: reason=array_check action=maybe_recompile pc=0x0000000004729ca0 method=java.util.TimSort.mergeLo(IIII)V @ 212
Event: 130.520 Thread 0x000000001f8bf000 Uncommon trap: reason=unstable_if action=reinterpret pc=0x00000000041ae858 method=java.util.concurrent.ArrayBlockingQueue.enqueue(Ljava/lang/Object;)V @ 25
Event: 130.544 Thread 0x0000000022ae9800 Uncommon trap: reason=class_check action=maybe_recompile pc=0x0000000005b359f4 method=java.util.Spliterators$1Adapter.hasNext()Z @ 12
Event: 130.544 Thread 0x0000000022ae9800 Uncommon trap: reason=class_check action=maybe_recompile pc=0x0000000005b359f4 method=java.util.Spliterators$1Adapter.hasNext()Z @ 12
Event: 130.545 Thread 0x0000000022ae9800 Uncommon trap: reason=class_check action=maybe_recompile pc=0x0000000005b359f4 method=java.util.Spliterators$1Adapter.hasNext()Z @ 12
Event: 130.545 Thread 0x0000000022ae9800 Uncommon trap: reason=class_check action=maybe_recompile pc=0x0000000005b359f4 method=java.util.Spliterators$1Adapter.hasNext()Z @ 12

Classes redefined (0 events):
No events

Internal exceptions (10 events):
Event: 129.477 Thread 0x000000001f8bf800 Exception <a 'sun/nio/fs/WindowsException'> (0x00000000dd3c6fc0) thrown at [C:\src\AOSP-openjdk-git\hotspot\src\share\vm\prims\jni.cpp, line 710]
Event: 129.477 Thread 0x000000001f8bf800 Exception <a 'sun/nio/fs/WindowsException'> (0x00000000dd3c7cf8) thrown at [C:\src\AOSP-openjdk-git\hotspot\src\share\vm\prims\jni.cpp, line 710]
Event: 129.775 Thread 0x000000001f8bf800 Implicit null exception at 0x0000000004462d2f to 0x0000000004463489
Event: 129.914 Thread 0x000000002a22b000 Exception <a 'java/lang/NoSuchMethodError': <clinit>> (0x00000000d55fd360) thrown at [C:\src\AOSP-openjdk-git\hotspot\src\share\vm\prims\jni.cpp, line 1615]
Event: 130.009 Thread 0x0000000022ae1800 Exception <a 'sun/nio/fs/WindowsException'> (0x00000000e376bbc8) thrown at [C:\src\AOSP-openjdk-git\hotspot\src\share\vm\prims\jni.cpp, line 710]
Event: 130.009 Thread 0x0000000022ae3800 Exception <a 'sun/nio/fs/WindowsException'> (0x00000000e37bf540) thrown at [C:\src\AOSP-openjdk-git\hotspot\src\share\vm\prims\jni.cpp, line 710]
Event: 130.174 Thread 0x0000000022adf000 Implicit null exception at 0x0000000005e65331 to 0x0000000005e675c1
Event: 130.300 Thread 0x00000000225bc000 Exception <a 'java/lang/NoSuchMethodError': <clinit>> (0x00000000f47864b0) thrown at [C:\src\AOSP-openjdk-git\hotspot\src\share\vm\prims\jni.cpp, line 1615]
Event: 130.336 Thread 0x000000001cdbf000 Implicit null exception at 0x0000000003daf833 to 0x0000000003db2fa9
Event: 130.559 Thread 0x0000000022ae9800 Exception <a 'sun/nio/fs/WindowsException'> (0x00000000ddf77c78) thrown at [C:\src\AOSP-openjdk-git\hotspot\src\share\vm\prims\jni.cpp, line 710]

Events (10 events):
Event: 130.545 Thread 0x0000000022ae9800 Uncommon trap: trap_request=0xffffffde fr.pc=0x0000000005b359f4
Event: 130.545 Thread 0x0000000022ae9800 DEOPT PACKING pc=0x0000000005b359f4 sp=0x000000003224e050
Event: 130.545 Thread 0x0000000022ae9800 DEOPT UNPACKING pc=0x000000000299557b sp=0x000000003224e000 mode 2
Event: 130.545 Thread 0x0000000022ae9800 Uncommon trap: trap_request=0xffffffde fr.pc=0x0000000005b359f4
Event: 130.545 Thread 0x0000000022ae9800 DEOPT PACKING pc=0x0000000005b359f4 sp=0x000000003224e050
Event: 130.545 Thread 0x0000000022ae9800 DEOPT UNPACKING pc=0x000000000299557b sp=0x000000003224e000 mode 2
Event: 130.565 Thread 0x0000000022ae9800 DEOPT PACKING pc=0x000000000518124f sp=0x000000003224db60
Event: 130.565 Thread 0x0000000022ae9800 DEOPT UNPACKING pc=0x00000000029971d0 sp=0x000000003224d8d0 mode 0
Event: 130.565 Thread 0x0000000022ae9800 DEOPT PACKING pc=0x000000000518124f sp=0x000000003224db60
Event: 130.565 Thread 0x0000000022ae9800 DEOPT UNPACKING pc=0x00000000029971d0 sp=0x000000003224d8d0 mode 0


Dynamic libraries:
0x00007ff705b10000 - 0x00007ff705b41000 	D:\software\install_path\androidStudio\jre\bin\java.exe
0x00007ff92a8b0000 - 0x00007ff92aaa4000 	C:\Windows\SYSTEM32\ntdll.dll
0x00007ff92a0b0000 - 0x00007ff92a16d000 	C:\Windows\System32\KERNEL32.DLL
0x00007ff928260000 - 0x00007ff928527000 	C:\Windows\System32\KERNELBASE.dll
0x00007ff929470000 - 0x00007ff92951a000 	C:\Windows\System32\ADVAPI32.dll
0x00007ff929650000 - 0x00007ff9296ee000 	C:\Windows\System32\msvcrt.dll
0x00007ff929150000 - 0x00007ff9291eb000 	C:\Windows\System32\sechost.dll
0x00007ff929520000 - 0x00007ff929643000 	C:\Windows\System32\RPCRT4.dll
0x00007ff92a1a0000 - 0x00007ff92a340000 	C:\Windows\System32\USER32.dll
0x00007ff9281b0000 - 0x00007ff9281d2000 	C:\Windows\System32\win32u.dll
0x00007ff92a170000 - 0x00007ff92a19a000 	C:\Windows\System32\GDI32.dll
0x00007ff9280a0000 - 0x00007ff9281aa000 	C:\Windows\System32\gdi32full.dll
0x00007ff928870000 - 0x00007ff92890d000 	C:\Windows\System32\msvcp_win.dll
0x00007ff928560000 - 0x00007ff928660000 	C:\Windows\System32\ucrtbase.dll
0x00007ff915510000 - 0x00007ff9157aa000 	C:\Windows\WinSxS\amd64_microsoft.windows.common-controls_6595b64144ccf1df_6.0.19041.1_none_b555e41d4684ddec\COMCTL32.dll
0x00007ff9292d0000 - 0x00007ff929300000 	C:\Windows\System32\IMM32.DLL
0x000000005d110000 - 0x000000005d1e2000 	D:\software\install_path\androidStudio\jre\jre\bin\msvcr100.dll
0x000000005d1f0000 - 0x000000005da3b000 	D:\software\install_path\androidStudio\jre\jre\bin\server\jvm.dll
0x00007ff929a80000 - 0x00007ff929a88000 	C:\Windows\System32\PSAPI.DLL
0x00007ff91af30000 - 0x00007ff91af39000 	C:\Windows\SYSTEM32\WSOCK32.dll
0x00007ff920700000 - 0x00007ff920727000 	C:\Windows\SYSTEM32\WINMM.dll
0x00007ff920730000 - 0x00007ff92073a000 	C:\Windows\SYSTEM32\VERSION.dll
0x00007ff929920000 - 0x00007ff92998b000 	C:\Windows\System32\WS2_32.dll
0x00007ff91af20000 - 0x00007ff91af2f000 	D:\software\install_path\androidStudio\jre\jre\bin\verify.dll
0x00007ff917a90000 - 0x00007ff917ab9000 	D:\software\install_path\androidStudio\jre\jre\bin\java.dll
0x00007ff91aa70000 - 0x00007ff91aa86000 	D:\software\install_path\androidStudio\jre\jre\bin\zip.dll
0x00007ff928970000 - 0x00007ff9290a1000 	C:\Windows\System32\SHELL32.dll
0x00007ff9261a0000 - 0x00007ff92692a000 	C:\Windows\SYSTEM32\windows.storage.dll
0x00007ff92a510000 - 0x00007ff92a864000 	C:\Windows\System32\combase.dll
0x00007ff927a70000 - 0x00007ff927a9b000 	C:\Windows\SYSTEM32\Wldp.dll
0x00007ff92a460000 - 0x00007ff92a50e000 	C:\Windows\System32\SHCORE.dll
0x00007ff929360000 - 0x00007ff9293b5000 	C:\Windows\System32\shlwapi.dll
0x00007ff927f30000 - 0x00007ff927f4f000 	C:\Windows\SYSTEM32\profapi.dll
0x00007ff917750000 - 0x00007ff91776a000 	D:\software\install_path\androidStudio\jre\jre\bin\net.dll
0x00007ff9277f0000 - 0x00007ff92785a000 	C:\Windows\system32\mswsock.dll
0x00007ff910cb0000 - 0x00007ff910cc3000 	D:\software\install_path\androidStudio\jre\jre\bin\nio.dll
0x00007ff8e1560000 - 0x00007ff8e1586000 	D:\resources\android\.gradle\native\31\windows-amd64\native-platform.dll
0x00007ff91a7a0000 - 0x00007ff91a7ad000 	D:\software\install_path\androidStudio\jre\jre\bin\management.dll
0x00007ff9279d0000 - 0x00007ff9279e8000 	C:\Windows\SYSTEM32\CRYPTSP.dll
0x00007ff927110000 - 0x00007ff927144000 	C:\Windows\system32\rsaenh.dll
0x00007ff928530000 - 0x00007ff928557000 	C:\Windows\System32\bcrypt.dll
0x00007ff927ef0000 - 0x00007ff927f1e000 	C:\Windows\SYSTEM32\USERENV.dll
0x00007ff9281e0000 - 0x00007ff92825f000 	C:\Windows\System32\bcryptprimitives.dll
0x00007ff9279c0000 - 0x00007ff9279cc000 	C:\Windows\SYSTEM32\CRYPTBASE.dll
0x00007ff927490000 - 0x00007ff9274cb000 	C:\Windows\SYSTEM32\IPHLPAPI.DLL
0x00007ff9296f0000 - 0x00007ff9296f9000 	C:\Windows\System32\NSI.dll
0x00007ff922210000 - 0x00007ff922227000 	C:\Windows\SYSTEM32\dhcpcsvc6.DLL
0x00007ff9221f0000 - 0x00007ff92220d000 	C:\Windows\SYSTEM32\dhcpcsvc.DLL
0x00007ff9274e0000 - 0x00007ff9275aa000 	C:\Windows\SYSTEM32\DNSAPI.dll

VM Arguments:
jvm_args: -Xmx2048m -Dfile.encoding=GBK -Duser.country=CN -Duser.language=zh -Duser.variant 
java_command: org.gradle.launcher.daemon.bootstrap.GradleDaemon 6.1.1
java_class_path (initial): D:\resources\android\.gradle\wrapper\dists\gradle-6.1.1-all\cfmwm155h49vnt3hynmlrsdst\gradle-6.1.1\lib\gradle-launcher-6.1.1.jar
Launcher Type: SUN_STANDARD

Environment Variables:
JAVA_HOME=C:\Program Files\AdoptOpenJDK\jdk-11.0.7.10-hotspot
PATH=C:\Program Files\AdoptOpenJDK\jdk-11.0.7.10-hotspot\bin;C:\Program Files (x86)\Common Files\Oracle\Java\javapath;C:\Windows\system32;C:\Windows;C:\Windows\System32\Wbem;C:\Windows\System32\WindowsPowerShell\v1.0\;C:\Windows\System32\OpenSSH\;C:\Program Files\Git\cmd;C:\Program Files\nodejs\;C:\Program Files\AdoptOpenJDK\jdk-11.0.7.10-hotspot\bin;C:\Program Files\AdoptOpenJDK\jdk-11.0.7.10-hotspot\jre\bin;D:\resources\android\sdk\tools;D:\resources\android\sdk\platform-tools;D:\resources\android\.gradle\wrapper\dists\gradle-6.1.1-all\cfmwm155h49vnt3hynmlrsdst\gradle-6.1.1\bin;D:\software\apache-maven-3.6.3\bin;D:\resources\flutter\flutter\bin;C:\Users\Administrator\AppData\Local\Microsoft\WindowsApps;D:\software\install_path\Fiddler;C:\Users\Administrator\AppData\Local\GitHubDesktop\bin;C:\Users\Administrator\AppData\Roaming\npm;D:\software\install_path\Microsoft VS Code\bin
USERNAME=Administrator
OS=Windows_NT
PROCESSOR_IDENTIFIER=AMD64 Family 23 Model 113 Stepping 0, AuthenticAMD



---------------  S Y S T E M  ---------------

OS: Windows 10.0 , 64 bit Build 19041 (10.0.19041.207)

CPU:total 12 (initial active 12) (12 cores per cpu, 1 threads per core) family 23 model 113 stepping 0, cmov, cx8, fxsr, mmx, sse, sse2, sse3, ssse3, sse4.1, sse4.2, popcnt, avx, avx2, aes, clmul, mmxext, 3dnowpref, lzcnt, sse4a, tsc, tscinvbit, tscinv, bmi1

Memory: 4k page, physical 16726724k(7626428k free), swap 32960064k(5928k free)

vm_info: OpenJDK 64-Bit Server VM (25.242-b01) for windows-amd64 JRE (1.8.0_242-release-1644-b01), built by "builder" with MS VC++ 10.0 (VS2010)

time: Thu Jul 09 02:07:00 2020
timezone: 中国标准时间
elapsed time: 130 seconds (0d 0h 2m 10s)

