#
# There is insufficient memory for the Java Runtime Environment to continue.
# Native memory allocation (malloc) failed to allocate 1069216 bytes for Chunk::new
# Possible reasons:
#   The system is out of physical RAM or swap space
#   The process is running with CompressedOops enabled, and the Java Heap may be blocking the growth of the native heap
# Possible solutions:
#   Reduce memory load on the system
#   Increase physical memory or swap space
#   Check if swap backing store is full
#   Decrease Java heap size (-Xmx/-Xms)
#   Decrease number of Java threads
#   Decrease Java thread stack sizes (-Xss)
#   Set larger code cache with -XX:ReservedCodeCacheSize=
#   JVM is running with Unscaled Compressed Oops mode in which the Java heap is
#     placed in the first 4GB address space. The Java Heap base address is the
#     maximum limit for the native heap growth. Please use -XX:HeapBaseMinAddress
#     to set the Java Heap base and to place the Java Heap above 4GB virtual address.
# This output file may be truncated or incomplete.
#
#  Out of Memory Error (allocation.cpp:389), pid=8948, tid=0x0000000000003c50
#
# JRE version: OpenJDK Runtime Environment (8.0_242-b01) (build 1.8.0_242-release-1644-b01)
# Java VM: OpenJDK 64-Bit Server VM (25.242-b01 mixed mode windows-amd64 compressed oops)
# Failed to write core dump. Minidumps are not enabled by default on client versions of Windows
#

---------------  T H R E A D  ---------------

Current thread (0x0000000019c9f800):  JavaThread "C2 CompilerThread2" daemon [_thread_in_native, id=15440, stack(0x000000001b3b0000,0x000000001b4b0000)]

Stack: [0x000000001b3b0000,0x000000001b4b0000]
[error occurred during error reporting (printing stack bounds), id 0xc0000005]

Native frames: (J=compiled Java code, j=interpreted, Vv=VM code, C=native code)


Current CompileTask:
C2: 530743 23861       4       com.android.tools.r8.ir.optimize.l::a (590 bytes)


---------------  P R O C E S S  ---------------

Java Threads: ( => current thread )
  0x000000001f8b2800 JavaThread "ForkJoinPool.commonPool-worker-3" daemon [_thread_blocked, id=18988, stack(0x000000002f2d0000,0x000000002f3d0000)]
  0x000000001f8b1800 JavaThread "ForkJoinPool.commonPool-worker-10" daemon [_thread_blocked, id=11856, stack(0x000000002f1d0000,0x000000002f2d0000)]
  0x000000001f8aa000 JavaThread "ForkJoinPool.commonPool-worker-1" daemon [_thread_blocked, id=8364, stack(0x000000002f0d0000,0x000000002f1d0000)]
  0x000000001f8b1000 JavaThread "ForkJoinPool.commonPool-worker-15" daemon [_thread_blocked, id=18508, stack(0x000000002efd0000,0x000000002f0d0000)]
  0x000000001f8af800 JavaThread "ForkJoinPool.commonPool-worker-8" daemon [_thread_blocked, id=14380, stack(0x000000002eed0000,0x000000002efd0000)]
  0x000000001f8a9800 JavaThread "ForkJoinPool.commonPool-worker-6" daemon [_thread_blocked, id=17332, stack(0x000000002edd0000,0x000000002eed0000)]
  0x000000001f8ac800 JavaThread "ForkJoinPool.commonPool-worker-13" daemon [_thread_blocked, id=5472, stack(0x000000002ecd0000,0x000000002edd0000)]
  0x000000001f8ae000 JavaThread "ForkJoinPool.commonPool-worker-11" daemon [_thread_blocked, id=10216, stack(0x000000002ead0000,0x000000002ebd0000)]
  0x000000001f8ab800 JavaThread "ForkJoinPool.commonPool-worker-2" daemon [_thread_blocked, id=17320, stack(0x000000002e9d0000,0x000000002ead0000)]
  0x000000001f8ae800 JavaThread "ForkJoinPool.commonPool-worker-9" daemon [_thread_blocked, id=17884, stack(0x000000002e8d0000,0x000000002e9d0000)]
  0x000000001f8a7000 JavaThread "WorkerExecutor Queue Thread 12" [_thread_blocked, id=18888, stack(0x000000002c750000,0x000000002c850000)]
  0x000000001f8a6800 JavaThread "WorkerExecutor Queue Thread 11" [_thread_blocked, id=17244, stack(0x000000002c650000,0x000000002c750000)]
  0x00000000208a1800 JavaThread "WorkerExecutor Queue Thread 10" [_thread_blocked, id=17132, stack(0x000000002c550000,0x000000002c650000)]
  0x00000000208a1000 JavaThread "WorkerExecutor Queue Thread 9" [_thread_blocked, id=5892, stack(0x000000002c450000,0x000000002c550000)]
  0x000000002089e800 JavaThread "WorkerExecutor Queue Thread 8" [_thread_blocked, id=14300, stack(0x000000002c350000,0x000000002c450000)]
  0x000000002089d000 JavaThread "WorkerExecutor Queue Thread 7" [_thread_blocked, id=5728, stack(0x000000002c250000,0x000000002c350000)]
  0x00000000208a0000 JavaThread "WorkerExecutor Queue Thread 6" [_thread_blocked, id=19304, stack(0x000000002c150000,0x000000002c250000)]
  0x000000002089b800 JavaThread "WorkerExecutor Queue Thread 5" [_thread_blocked, id=11728, stack(0x000000002ba50000,0x000000002bb50000)]
  0x0000000020894000 JavaThread "WorkerExecutor Queue Thread 4" [_thread_blocked, id=12516, stack(0x000000002b950000,0x000000002ba50000)]
  0x000000002089b000 JavaThread "WorkerExecutor Queue Thread 3" [_thread_blocked, id=7276, stack(0x000000002b850000,0x000000002b950000)]
  0x000000002089a000 JavaThread "WorkerExecutor Queue Thread 2" [_thread_blocked, id=5344, stack(0x000000002aa50000,0x000000002ab50000)]
  0x0000000020899800 JavaThread "WorkerExecutor Queue" [_thread_blocked, id=10400, stack(0x000000002b650000,0x000000002b750000)]
  0x0000000020895800 JavaThread "Cache worker for Java compile cache (D:\projects\android_projects\SmsControl\.gradle\6.1.1\javaCompile)" [_thread_blocked, id=19344, stack(0x000000002ae70000,0x000000002af70000)]
  0x0000000020897000 JavaThread "Cache worker for Java compile cache (D:\resources\android\.gradle\caches\6.1.1\javaCompile)" [_thread_blocked, id=15680, stack(0x000000002ad70000,0x000000002ae70000)]
  0x0000000020896800 JavaThread "RMI TCP Connection(3)-127.0.0.1" daemon [_thread_in_native, id=16496, stack(0x000000002a950000,0x000000002aa50000)]
  0x0000000020893800 JavaThread "Cache worker for execution history cache (D:\projects\android_projects\SmsControl\.gradle\6.1.1\executionHistory)" [_thread_blocked, id=16824, stack(0x000000002a850000,0x000000002a950000)]
  0x0000000020892800 JavaThread "Execution worker for ':' Thread 11" [_thread_blocked, id=19092, stack(0x000000002a750000,0x000000002a850000)]
  0x0000000025119800 JavaThread "Execution worker for ':' Thread 10" [_thread_blocked, id=2132, stack(0x000000002a650000,0x000000002a750000)]
  0x0000000025119000 JavaThread "Execution worker for ':' Thread 9" [_thread_blocked, id=17032, stack(0x000000002a550000,0x000000002a650000)]
  0x0000000025118000 JavaThread "Execution worker for ':' Thread 8" [_thread_blocked, id=12052, stack(0x000000002a450000,0x000000002a550000)]
  0x000000002511a800 JavaThread "Execution worker for ':' Thread 7" [_thread_blocked, id=16300, stack(0x000000002a350000,0x000000002a450000)]
  0x0000000025117800 JavaThread "Execution worker for ':' Thread 6" [_thread_blocked, id=11692, stack(0x000000002a250000,0x000000002a350000)]
  0x0000000025116000 JavaThread "Execution worker for ':' Thread 5" [_thread_blocked, id=18384, stack(0x000000002a150000,0x000000002a250000)]
  0x0000000025115000 JavaThread "Execution worker for ':' Thread 4" [_thread_in_Java, id=14428, stack(0x000000002a050000,0x000000002a150000)]
  0x0000000025116800 JavaThread "Execution worker for ':' Thread 3" [_thread_blocked, id=10224, stack(0x0000000029f50000,0x000000002a050000)]
  0x000000002510d800 JavaThread "Execution worker for ':' Thread 2" [_thread_blocked, id=16392, stack(0x0000000029e50000,0x0000000029f50000)]
  0x0000000025114800 JavaThread "Execution worker for ':'" [_thread_blocked, id=10352, stack(0x0000000029d50000,0x0000000029e50000)]
  0x0000000025113800 JavaThread "Cache worker for file content cache (D:\projects\android_projects\SmsControl\.gradle\6.1.1\fileContent)" [_thread_blocked, id=7580, stack(0x0000000029c50000,0x0000000029d50000)]
  0x0000000025113000 JavaThread "Cache worker for Build Output Cleanup Cache (D:\projects\android_projects\SmsControl\.gradle\buildOutputCleanup)" [_thread_blocked, id=18416, stack(0x0000000029950000,0x0000000029a50000)]
  0x000000002510b800 JavaThread "Build operations Thread 12" [_thread_blocked, id=16940, stack(0x0000000028620000,0x0000000028720000)]
  0x0000000025112000 JavaThread "Build operations Thread 11" [_thread_blocked, id=18464, stack(0x00000000249f0000,0x0000000024af0000)]
  0x0000000025111800 JavaThread "Build operations Thread 10" [_thread_blocked, id=16876, stack(0x00000000247d0000,0x00000000248d0000)]
  0x0000000025110800 JavaThread "Build operations Thread 9" [_thread_blocked, id=10064, stack(0x00000000246d0000,0x00000000247d0000)]
  0x0000000025110000 JavaThread "Build operations Thread 8" [_thread_blocked, id=15676, stack(0x00000000245d0000,0x00000000246d0000)]
  0x000000002510d000 JavaThread "Build operations Thread 7" [_thread_blocked, id=1796, stack(0x00000000244d0000,0x00000000245d0000)]
  0x000000002510e800 JavaThread "Build operations Thread 6" [_thread_blocked, id=13196, stack(0x00000000243d0000,0x00000000244d0000)]
  0x0000000022a42800 JavaThread "Build operations Thread 5" [_thread_blocked, id=17840, stack(0x00000000242d0000,0x00000000243d0000)]
  0x0000000022a41800 JavaThread "Build operations Thread 4" [_thread_blocked, id=13696, stack(0x00000000241d0000,0x00000000242d0000)]
  0x0000000022a41000 JavaThread "Build operations Thread 3" [_thread_blocked, id=9268, stack(0x00000000240d0000,0x00000000241d0000)]
  0x0000000022a40000 JavaThread "Build operations Thread 2" [_thread_blocked, id=6284, stack(0x0000000023fd0000,0x00000000240d0000)]
  0x0000000022a3e000 JavaThread "Build operations" [_thread_blocked, id=14460, stack(0x0000000021c00000,0x0000000021d00000)]
  0x0000000022a36000 JavaThread "Cache worker for cache directory md-rule (D:\resources\android\.gradle\caches\6.1.1\md-rule)" [_thread_blocked, id=19168, stack(0x00000000214a0000,0x00000000215a0000)]
  0x0000000022a37800 JavaThread "Cache worker for cache directory md-supplier (D:\resources\android\.gradle\caches\6.1.1\md-supplier)" [_thread_blocked, id=12032, stack(0x000000001ed00000,0x000000001ee00000)]
  0x0000000022a37000 JavaThread "Cache worker for file hash cache (D:\projects\android_projects\SmsControl\.gradle\6.1.1\fileHashes)" [_thread_blocked, id=18640, stack(0x000000001ec00000,0x000000001ed00000)]
  0x0000000022a38800 JavaThread "Cache worker for checksums cache (D:\projects\android_projects\SmsControl\.gradle\checksums)" [_thread_blocked, id=17600, stack(0x000000001eb00000,0x000000001ec00000)]
  0x0000000022a3d000 JavaThread "Thread-174" [_thread_blocked, id=7720, stack(0x000000001ea00000,0x000000001eb00000)]
  0x0000000022a35800 JavaThread "Stdin handler" [_thread_blocked, id=12816, stack(0x000000001e900000,0x000000001ea00000)]
  0x0000000022a34800 JavaThread "Asynchronous log dispatcher for DefaultDaemonConnection: socket connection from /127.0.0.1:65452 to /127.0.0.1:49328" [_thread_blocked, id=8384, stack(0x000000001e600000,0x000000001e700000)]
  0x0000000022a39800 JavaThread "Cancel handler" [_thread_blocked, id=13368, stack(0x0000000001260000,0x0000000001360000)]
  0x0000000022a3b800 JavaThread "Handler for socket connection from /127.0.0.1:65452 to /127.0.0.1:49328" [_thread_in_native, id=19016, stack(0x0000000001160000,0x0000000001260000)]
  0x0000000022a3e800 JavaThread "RMI TCP Connection(2)-127.0.0.1" daemon [_thread_in_native, id=18924, stack(0x000000002e3d0000,0x000000002e4d0000)]
  0x0000000022a3c800 JavaThread "RMI Reaper" [_thread_blocked, id=17744, stack(0x000000002e2d0000,0x000000002e3d0000)]
  0x0000000022a3f800 JavaThread "RMI TCP Accept-0" daemon [_thread_in_native, id=7836, stack(0x000000002d150000,0x000000002d250000)]
  0x0000000022a34000 JavaThread "GC Daemon" daemon [_thread_blocked, id=8648, stack(0x000000002d050000,0x000000002d150000)]
  0x0000000022a33000 JavaThread "RMI Scheduler(0)" daemon [_thread_blocked, id=8348, stack(0x000000002b750000,0x000000002b850000)]
  0x000000002089c800 JavaThread "MarlinRenderer Disposer" daemon [_thread_blocked, id=16520, stack(0x000000002c050000,0x000000002c150000)]
  0x000000002089f800 JavaThread "Java2D Disposer" daemon [_thread_blocked, id=4300, stack(0x000000002bf50000,0x000000002c050000)]
  0x000000002510c000 JavaThread "Cache worker for file content cache (D:\resources\android\.gradle\caches\6.1.1\fileContent)" [_thread_blocked, id=16220, stack(0x0000000029b50000,0x0000000029c50000)]
  0x000000001d793800 JavaThread "Memory manager" [_thread_blocked, id=18896, stack(0x0000000029a50000,0x0000000029b50000)]
  0x000000001fab4000 JavaThread "Daemon worker Thread 4" [_thread_in_Java, id=10872, stack(0x000000001e500000,0x000000001e600000)]
  0x000000001fab2800 JavaThread "Daemon Thread 4" [_thread_blocked, id=1856, stack(0x0000000000ed0000,0x0000000000fd0000)]
  0x000000001d78f800 JavaThread "Cache worker for execution history cache (D:\resources\android\.gradle\caches\6.1.1\executionHistory)" [_thread_blocked, id=18624, stack(0x0000000021d00000,0x0000000021e00000)]
  0x000000001d795800 JavaThread "Cache worker for file hash cache (D:\resources\android\.gradle\caches\6.1.1\fileHashes)" [_thread_blocked, id=15252, stack(0x000000001f200000,0x000000001f300000)]
  0x000000001d794000 JavaThread "File lock request listener" [_thread_in_native, id=17720, stack(0x000000001f100000,0x000000001f200000)]
  0x000000001d772800 JavaThread "Cache worker for journal cache (D:\resources\android\.gradle\caches\journal-1)" [_thread_blocked, id=16676, stack(0x000000001f000000,0x000000001f100000)]
  0x000000001d6bf000 JavaThread "Daemon periodic checks" [_thread_blocked, id=18860, stack(0x000000001e400000,0x000000001e500000)]
  0x000000001d6a7800 JavaThread "Incoming local TCP Connector on port 65452" [_thread_in_native, id=16556, stack(0x000000001e250000,0x000000001e350000)]
  0x000000001cf23000 JavaThread "Daemon health stats" [_thread_blocked, id=14616, stack(0x000000001e150000,0x000000001e250000)]
  0x0000000019d26000 JavaThread "Service Thread" daemon [_thread_blocked, id=19172, stack(0x000000001b5b0000,0x000000001b6b0000)]
  0x0000000019ca1800 JavaThread "C1 CompilerThread3" daemon [_thread_blocked, id=5292, stack(0x000000001b4b0000,0x000000001b5b0000)]
=>0x0000000019c9f800 JavaThread "C2 CompilerThread2" daemon [_thread_in_native, id=15440, stack(0x000000001b3b0000,0x000000001b4b0000)]
  0x0000000019c99000 JavaThread "C2 CompilerThread1" daemon [_thread_in_native, id=15468, stack(0x000000001b2b0000,0x000000001b3b0000)]
  0x0000000019c3b000 JavaThread "C2 CompilerThread0" daemon [_thread_in_native, id=2332, stack(0x000000001b1b0000,0x000000001b2b0000)]
  0x0000000019c3a000 JavaThread "Attach Listener" daemon [_thread_blocked, id=2616, stack(0x000000001b0b0000,0x000000001b1b0000)]
  0x0000000019c95000 JavaThread "Signal Dispatcher" daemon [_thread_blocked, id=18056, stack(0x000000001afb0000,0x000000001b0b0000)]
  0x00000000032da000 JavaThread "Finalizer" daemon [_thread_blocked, id=7732, stack(0x000000001aeb0000,0x000000001afb0000)]
  0x000000001854c800 JavaThread "Reference Handler" daemon [_thread_blocked, id=16280, stack(0x000000001adb0000,0x000000001aeb0000)]
  0x00000000030de800 JavaThread "main" [_thread_blocked, id=13252, stack(0x00000000030e0000,0x00000000031e0000)]

Other Threads:
  0x0000000018545800 VMThread [stack: 0x000000001acb0000,0x000000001adb0000] [id=11680]
  0x0000000019cae000 WatcherThread [stack: 0x000000001b6b0000,0x000000001b7b0000] [id=8108]

VM state:not at safepoint (normal execution)

VM Mutex/Monitor currently owned by a thread: None

heap address: 0x0000000080000000, size: 2048 MB, Compressed Oops mode: 32-bit
Narrow klass base: 0x0000000000000000, Narrow klass shift: 3
Compressed class space size: 1073741824 Address: 0x0000000100000000

Heap:
 PSYoungGen      total 645632K, used 310011K [0x00000000d5580000, 0x00000000fff80000, 0x0000000100000000)
  eden space 596992K, 50% used [0x00000000d5580000,0x00000000e7c9d5d8,0x00000000f9c80000)
  from space 48640K, 16% used [0x00000000f9c80000,0x00000000fa4218e0,0x00000000fcc00000)
  to   space 48640K, 0% used [0x00000000fd000000,0x00000000fd000000,0x00000000fff80000)
 ParOldGen       total 349696K, used 150784K [0x0000000080000000, 0x0000000095580000, 0x00000000d5580000)
  object space 349696K, 43% used [0x0000000080000000,0x00000000893403c0,0x0000000095580000)
 Metaspace       used 117106K, capacity 124730K, committed 124952K, reserved 1157120K
  class space    used 15249K, capacity 16599K, committed 16688K, reserved 1048576K

Card table byte_map: [0x00000000126a0000,0x0000000012ab0000] byte_map_base: 0x00000000122a0000

Marking Bits: (ParMarkBitMap*) 0x000000005ddff030
 Begin Bits: [0x0000000013760000, 0x0000000015760000)
 End Bits:   [0x0000000015760000, 0x0000000017760000)

Polling page: 0x0000000000bc0000

CodeCache: size=245760Kb used=63281Kb max_used=63281Kb free=182478Kb
 bounds [0x00000000032e0000, 0x0000000007100000, 0x00000000122e0000]
 total_blobs=20379 nmethods=19296 adapters=995
 compilation: enabled

Compilation events (10 events):
Event: 530.710 Thread 0x0000000019ca1800 23869 %     3       com.android.tools.r8.graph.I::a @ 293 (1039 bytes)
Event: 530.713 Thread 0x0000000019ca1800 nmethod 23869% 0x00000000070f2510 code [0x00000000070f2b20, 0x00000000070f6aa8]
Event: 530.729 Thread 0x0000000019ca1800 23871       2       com.android.tools.r8.u.b.p::a (289 bytes)
Event: 530.731 Thread 0x0000000019ca1800 nmethod 23871 0x00000000070e8450 code [0x00000000070e8780, 0x00000000070e95b8]
Event: 530.731 Thread 0x0000000019ca1800 23873       2       com.android.tools.r8.u.b.m1::b (58 bytes)
Event: 530.731 Thread 0x0000000019ca1800 nmethod 23873 0x00000000070d6d50 code [0x00000000070d6ee0, 0x00000000070d7148]
Event: 530.731 Thread 0x0000000019ca1800 23872       2       com.android.tools.r8.u.b.q::previous (19 bytes)
Event: 530.731 Thread 0x0000000019ca1800 nmethod 23872 0x00000000070d6950 code [0x00000000070d6ac0, 0x00000000070d6c88]
Event: 530.733 Thread 0x0000000019ca1800 23874       3       com.android.tools.r8.graph.I::a (1039 bytes)
Event: 530.736 Thread 0x0000000019ca1800 nmethod 23874 0x00000000070f8910 code [0x00000000070f8f00, 0x00000000070fcc48]

GC Heap History (10 events):
Event: 528.593 GC heap before
{Heap before GC invocations=21 (full 4):
 PSYoungGen      total 464384K, used 464368K [0x00000000d5580000, 0x00000000f8780000, 0x0000000100000000)
  eden space 422400K, 100% used [0x00000000d5580000,0x00000000ef200000,0x00000000ef200000)
  from space 41984K, 99% used [0x00000000f2400000,0x00000000f4cfc2d0,0x00000000f4d00000)
  to   space 51200K, 0% used [0x00000000ef200000,0x00000000ef200000,0x00000000f2400000)
 ParOldGen       total 349696K, used 92907K [0x0000000080000000, 0x0000000095580000, 0x00000000d5580000)
  object space 349696K, 26% used [0x0000000080000000,0x0000000085abad50,0x0000000095580000)
 Metaspace       used 116230K, capacity 123766K, committed 123928K, reserved 1157120K
  class space    used 15237K, capacity 16589K, committed 16688K, reserved 1048576K
Event: 528.619 GC heap after
Heap after GC invocations=21 (full 4):
 PSYoungGen      total 473600K, used 31522K [0x00000000d5580000, 0x00000000faa80000, 0x0000000100000000)
  eden space 422400K, 0% used [0x00000000d5580000,0x00000000d5580000,0x00000000ef200000)
  from space 51200K, 61% used [0x00000000ef200000,0x00000000f10c8820,0x00000000f2400000)
  to   space 51712K, 0% used [0x00000000f7800000,0x00000000f7800000,0x00000000faa80000)
 ParOldGen       total 349696K, used 104017K [0x0000000080000000, 0x0000000095580000, 0x00000000d5580000)
  object space 349696K, 29% used [0x0000000080000000,0x0000000086594758,0x0000000095580000)
 Metaspace       used 116230K, capacity 123766K, committed 123928K, reserved 1157120K
  class space    used 15237K, capacity 16589K, committed 16688K, reserved 1048576K
}
Event: 529.005 GC heap before
{Heap before GC invocations=22 (full 4):
 PSYoungGen      total 473600K, used 453922K [0x00000000d5580000, 0x00000000faa80000, 0x0000000100000000)
  eden space 422400K, 100% used [0x00000000d5580000,0x00000000ef200000,0x00000000ef200000)
  from space 51200K, 61% used [0x00000000ef200000,0x00000000f10c8820,0x00000000f2400000)
  to   space 51712K, 0% used [0x00000000f7800000,0x00000000f7800000,0x00000000faa80000)
 ParOldGen       total 349696K, used 104017K [0x0000000080000000, 0x0000000095580000, 0x00000000d5580000)
  object space 349696K, 29% used [0x0000000080000000,0x0000000086594758,0x0000000095580000)
 Metaspace       used 116492K, capacity 123972K, committed 124184K, reserved 1157120K
  class space    used 15238K, capacity 16590K, committed 16688K, reserved 1048576K
Event: 529.028 GC heap after
Heap after GC invocations=22 (full 4):
 PSYoungGen      total 560640K, used 28217K [0x00000000d5580000, 0x00000000fb200000, 0x0000000100000000)
  eden space 508928K, 0% used [0x00000000d5580000,0x00000000d5580000,0x00000000f4680000)
  from space 51712K, 54% used [0x00000000f7800000,0x00000000f938e620,0x00000000faa80000)
  to   space 50688K, 0% used [0x00000000f4680000,0x00000000f4680000,0x00000000f7800000)
 ParOldGen       total 349696K, used 119440K [0x0000000080000000, 0x0000000095580000, 0x00000000d5580000)
  object space 349696K, 34% used [0x0000000080000000,0x00000000874a41f8,0x0000000095580000)
 Metaspace       used 116492K, capacity 123972K, committed 124184K, reserved 1157120K
  class space    used 15238K, capacity 16590K, committed 16688K, reserved 1048576K
}
Event: 529.450 GC heap before
{Heap before GC invocations=23 (full 4):
 PSYoungGen      total 560640K, used 537145K [0x00000000d5580000, 0x00000000fb200000, 0x0000000100000000)
  eden space 508928K, 100% used [0x00000000d5580000,0x00000000f4680000,0x00000000f4680000)
  from space 51712K, 54% used [0x00000000f7800000,0x00000000f938e620,0x00000000faa80000)
  to   space 50688K, 0% used [0x00000000f4680000,0x00000000f4680000,0x00000000f7800000)
 ParOldGen       total 349696K, used 119440K [0x0000000080000000, 0x0000000095580000, 0x00000000d5580000)
  object space 349696K, 34% used [0x0000000080000000,0x00000000874a41f8,0x0000000095580000)
 Metaspace       used 116819K, capacity 124352K, committed 124696K, reserved 1157120K
  class space    used 15239K, capacity 16592K, committed 16688K, reserved 1048576K
Event: 529.475 GC heap after
Heap after GC invocations=23 (full 4):
 PSYoungGen      total 559616K, used 17043K [0x00000000d5580000, 0x00000000ffc00000, 0x0000000100000000)
  eden space 508928K, 0% used [0x00000000d5580000,0x00000000d5580000,0x00000000f4680000)
  from space 50688K, 33% used [0x00000000f4680000,0x00000000f5724f90,0x00000000f7800000)
  to   space 49152K, 0% used [0x00000000fcc00000,0x00000000fcc00000,0x00000000ffc00000)
 ParOldGen       total 349696K, used 131914K [0x0000000080000000, 0x0000000095580000, 0x00000000d5580000)
  object space 349696K, 37% used [0x0000000080000000,0x00000000880d2ae0,0x0000000095580000)
 Metaspace       used 116819K, capacity 124352K, committed 124696K, reserved 1157120K
  class space    used 15239K, capacity 16592K, committed 16688K, reserved 1048576K
}
Event: 529.875 GC heap before
{Heap before GC invocations=24 (full 4):
 PSYoungGen      total 559616K, used 525971K [0x00000000d5580000, 0x00000000ffc00000, 0x0000000100000000)
  eden space 508928K, 100% used [0x00000000d5580000,0x00000000f4680000,0x00000000f4680000)
  from space 50688K, 33% used [0x00000000f4680000,0x00000000f5724f90,0x00000000f7800000)
  to   space 49152K, 0% used [0x00000000fcc00000,0x00000000fcc00000,0x00000000ffc00000)
 ParOldGen       total 349696K, used 131914K [0x0000000080000000, 0x0000000095580000, 0x00000000d5580000)
  object space 349696K, 37% used [0x0000000080000000,0x00000000880d2ae0,0x0000000095580000)
 Metaspace       used 116999K, capacity 124662K, committed 124952K, reserved 1157120K
  class space    used 15249K, capacity 16599K, committed 16688K, reserved 1048576K
Event: 529.894 GC heap after
Heap after GC invocations=24 (full 4):
 PSYoungGen      total 646144K, used 10099K [0x00000000d5580000, 0x00000000ffd80000, 0x0000000100000000)
  eden space 596992K, 0% used [0x00000000d5580000,0x00000000d5580000,0x00000000f9c80000)
  from space 49152K, 20% used [0x00000000fcc00000,0x00000000fd5dccb8,0x00000000ffc00000)
  to   space 48640K, 0% used [0x00000000f9c80000,0x00000000f9c80000,0x00000000fcc00000)
 ParOldGen       total 349696K, used 145237K [0x0000000080000000, 0x0000000095580000, 0x00000000d5580000)
  object space 349696K, 41% used [0x0000000080000000,0x0000000088dd5568,0x0000000095580000)
 Metaspace       used 116999K, capacity 124662K, committed 124952K, reserved 1157120K
  class space    used 15249K, capacity 16599K, committed 16688K, reserved 1048576K
}
Event: 530.413 GC heap before
{Heap before GC invocations=25 (full 4):
 PSYoungGen      total 646144K, used 607091K [0x00000000d5580000, 0x00000000ffd80000, 0x0000000100000000)
  eden space 596992K, 100% used [0x00000000d5580000,0x00000000f9c80000,0x00000000f9c80000)
  from space 49152K, 20% used [0x00000000fcc00000,0x00000000fd5dccb8,0x00000000ffc00000)
  to   space 48640K, 0% used [0x00000000f9c80000,0x00000000f9c80000,0x00000000fcc00000)
 ParOldGen       total 349696K, used 145237K [0x0000000080000000, 0x0000000095580000, 0x00000000d5580000)
  object space 349696K, 41% used [0x0000000080000000,0x0000000088dd5568,0x0000000095580000)
 Metaspace       used 117089K, capacity 124730K, committed 124952K, reserved 1157120K
  class space    used 15249K, capacity 16599K, committed 16688K, reserved 1048576K
Event: 530.423 GC heap after
Heap after GC invocations=25 (full 4):
 PSYoungGen      total 645632K, used 7814K [0x00000000d5580000, 0x00000000fff80000, 0x0000000100000000)
  eden space 596992K, 0% used [0x00000000d5580000,0x00000000d5580000,0x00000000f9c80000)
  from space 48640K, 16% used [0x00000000f9c80000,0x00000000fa4218e0,0x00000000fcc00000)
  to   space 48640K, 0% used [0x00000000fd000000,0x00000000fd000000,0x00000000fff80000)
 ParOldGen       total 349696K, used 150784K [0x0000000080000000, 0x0000000095580000, 0x00000000d5580000)
  object space 349696K, 43% used [0x0000000080000000,0x00000000893403c0,0x0000000095580000)
 Metaspace       used 117089K, capacity 124730K, committed 124952K, reserved 1157120K
  class space    used 15249K, capacity 16599K, committed 16688K, reserved 1048576K
}

Deoptimization events (10 events):
Event: 529.724 Thread 0x0000000020894000 Uncommon trap: reason=class_check action=maybe_recompile pc=0x00000000062d1464 method=com.google.common.collect.ImmutableMap.copyOf(Ljava/lang/Iterable;)Lcom/google/common/collect/ImmutableMap; @ 53
Event: 529.864 Thread 0x0000000020894000 Uncommon trap: reason=unstable_if action=reinterpret pc=0x000000000353cd1c method=java.util.stream.StreamOpFlag.getMask(I)I @ 1
Event: 529.915 Thread 0x0000000025114800 Uncommon trap: reason=unstable_if action=reinterpret pc=0x00000000067d8460 method=com.android.tools.r8.dex.m.c(I)V @ 8
Event: 529.981 Thread 0x0000000025115000 Uncommon trap: reason=unstable_if action=reinterpret pc=0x0000000006f700c0 method=com.android.tools.r8.v.a.a.a.f.X.e(I)Ljava/lang/Object; @ 105
Event: 530.225 Thread 0x000000001fab4000 Uncommon trap: reason=unstable_if action=reinterpret pc=0x0000000006f93e48 method=com.android.tools.r8.ir.analysis.type.t.a(Lcom/android/tools/r8/u/b/m1;Lcom/android/tools/r8/ir/analysis/type/u;)V @ 83
Event: 530.370 Thread 0x0000000025116800 Uncommon trap: reason=uninitialized action=reinterpret pc=0x00000000054fa1cc method=com.android.tools.r8.graph.h0.a(Lcom/android/tools/r8/graph/f0;)Lcom/android/tools/r8/graph/h0; @ 135
Event: 530.535 Thread 0x0000000025115000 Uncommon trap: reason=unstable_if action=reinterpret pc=0x00000000070a7f28 method=com.android.tools.r8.ir.conversion.o.c(Lcom/android/tools/r8/ir/conversion/N;)Lcom/android/tools/r8/u/b/t; @ 29
Event: 530.567 Thread 0x000000001fab4000 Uncommon trap: reason=unstable_if action=reinterpret pc=0x000000000701b40c method=com.android.tools.r8.u.b.N.a()V @ 102
Event: 530.569 Thread 0x000000001fab4000 Uncommon trap: reason=unstable_if action=reinterpret pc=0x0000000006fd93a0 method=com.android.tools.r8.u.b.N.a()V @ 102
Event: 530.696 Thread 0x0000000025115000 Uncommon trap: reason=unstable_if action=reinterpret pc=0x00000000070e0fec method=com.android.tools.r8.graph.r.equals(Ljava/lang/Object;)Z @ 29

Classes redefined (0 events):
No events

Internal exceptions (10 events):
Event: 529.184 Thread 0x000000002511a800 Exception <a 'sun/nio/fs/WindowsException'> (0x00000000ddc11148) thrown at [C:\src\AOSP-openjdk-git\hotspot\src\share\vm\prims\jni.cpp, line 710]
Event: 529.213 Thread 0x0000000020892800 Exception <a 'sun/nio/fs/WindowsException'> (0x00000000e476b178) thrown at [C:\src\AOSP-openjdk-git\hotspot\src\share\vm\prims\jni.cpp, line 710]
Event: 529.239 Thread 0x0000000025119000 Exception <a 'sun/nio/fs/WindowsException'> (0x00000000e6dbda68) thrown at [C:\src\AOSP-openjdk-git\hotspot\src\share\vm\prims\jni.cpp, line 710]
Event: 529.264 Thread 0x0000000025118000 Exception <a 'sun/nio/fs/WindowsException'> (0x00000000e8a0dd00) thrown at [C:\src\AOSP-openjdk-git\hotspot\src\share\vm\prims\jni.cpp, line 710]
Event: 529.279 Thread 0x000000002511a800 Exception <a 'sun/nio/fs/WindowsException'> (0x00000000e3f95fa0) thrown at [C:\src\AOSP-openjdk-git\hotspot\src\share\vm\prims\jni.cpp, line 710]
Event: 529.341 Thread 0x0000000025118000 Exception <a 'sun/nio/fs/WindowsException'> (0x00000000e99334c8) thrown at [C:\src\AOSP-openjdk-git\hotspot\src\share\vm\prims\jni.cpp, line 710]
Event: 529.520 Thread 0x000000002510d800 Exception <a 'sun/nio/fs/WindowsException'> (0x00000000d737a0a8) thrown at [C:\src\AOSP-openjdk-git\hotspot\src\share\vm\prims\jni.cpp, line 710]
Event: 529.637 Thread 0x0000000025119800 Exception <a 'sun/nio/fs/WindowsException'> (0x00000000e0d82148) thrown at [C:\src\AOSP-openjdk-git\hotspot\src\share\vm\prims\jni.cpp, line 710]
Event: 529.924 Thread 0x0000000025114800 Exception <a 'sun/nio/fs/WindowsException'> (0x00000000d749e300) thrown at [C:\src\AOSP-openjdk-git\hotspot\src\share\vm\prims\jni.cpp, line 710]
Event: 530.461 Thread 0x0000000025116800 Exception <a 'sun/nio/fs/WindowsException'> (0x00000000d6c4ea90) thrown at [C:\src\AOSP-openjdk-git\hotspot\src\share\vm\prims\jni.cpp, line 710]

Events (10 events):
Event: 530.569 Thread 0x000000001fab4000 DEOPT UNPACKING pc=0x000000000332557b sp=0x000000001e5f73b8 mode 2
Event: 530.582 Thread 0x0000000025115000 DEOPT PACKING pc=0x00000000070b67a4 sp=0x000000002a14a200
Event: 530.582 Thread 0x0000000025115000 DEOPT UNPACKING pc=0x00000000033271d0 sp=0x000000002a14a010 mode 0
Event: 530.642 Executing VM operation: ForceSafepoint
Event: 530.642 Executing VM operation: ForceSafepoint done
Event: 530.649 Thread 0x000000001fab4000 DEOPT PACKING pc=0x00000000070b67a4 sp=0x000000001e5f7670
Event: 530.649 Thread 0x000000001fab4000 DEOPT UNPACKING pc=0x00000000033271d0 sp=0x000000001e5f7480 mode 0
Event: 530.696 Thread 0x0000000025115000 Uncommon trap: trap_request=0xffffff65 fr.pc=0x00000000070e0fec
Event: 530.696 Thread 0x0000000025115000 DEOPT PACKING pc=0x00000000070e0fec sp=0x000000002a149ed0
Event: 530.696 Thread 0x0000000025115000 DEOPT UNPACKING pc=0x000000000332557b sp=0x000000002a149e20 mode 2


Dynamic libraries:
0x00007ff7e30d0000 - 0x00007ff7e3101000 	D:\software\install_path\androidStudio\jre\bin\java.exe
0x00007ff92a8b0000 - 0x00007ff92aaa4000 	C:\Windows\SYSTEM32\ntdll.dll
0x00007ff92a0b0000 - 0x00007ff92a16d000 	C:\Windows\System32\KERNEL32.DLL
0x00007ff928260000 - 0x00007ff928527000 	C:\Windows\System32\KERNELBASE.dll
0x00007ff929470000 - 0x00007ff92951a000 	C:\Windows\System32\ADVAPI32.dll
0x00007ff929650000 - 0x00007ff9296ee000 	C:\Windows\System32\msvcrt.dll
0x00007ff929150000 - 0x00007ff9291eb000 	C:\Windows\System32\sechost.dll
0x00007ff929520000 - 0x00007ff929643000 	C:\Windows\System32\RPCRT4.dll
0x00007ff92a1a0000 - 0x00007ff92a340000 	C:\Windows\System32\USER32.dll
0x00007ff9281b0000 - 0x00007ff9281d2000 	C:\Windows\System32\win32u.dll
0x00007ff92a170000 - 0x00007ff92a19a000 	C:\Windows\System32\GDI32.dll
0x00007ff9280a0000 - 0x00007ff9281aa000 	C:\Windows\System32\gdi32full.dll
0x00007ff928870000 - 0x00007ff92890d000 	C:\Windows\System32\msvcp_win.dll
0x00007ff928560000 - 0x00007ff928660000 	C:\Windows\System32\ucrtbase.dll
0x00007ff90f050000 - 0x00007ff90f2ea000 	C:\Windows\WinSxS\amd64_microsoft.windows.common-controls_6595b64144ccf1df_6.0.19041.1_none_b555e41d4684ddec\COMCTL32.dll
0x00007ff9292d0000 - 0x00007ff929300000 	C:\Windows\System32\IMM32.DLL
0x000000005d550000 - 0x000000005d622000 	D:\software\install_path\androidStudio\jre\jre\bin\msvcr100.dll
0x000000005d630000 - 0x000000005de7b000 	D:\software\install_path\androidStudio\jre\jre\bin\server\jvm.dll
0x00007ff929a80000 - 0x00007ff929a88000 	C:\Windows\System32\PSAPI.DLL
0x00007ff919860000 - 0x00007ff919869000 	C:\Windows\SYSTEM32\WSOCK32.dll
0x00007ff929920000 - 0x00007ff92998b000 	C:\Windows\System32\WS2_32.dll
0x00007ff920700000 - 0x00007ff920727000 	C:\Windows\SYSTEM32\WINMM.dll
0x00007ff920730000 - 0x00007ff92073a000 	C:\Windows\SYSTEM32\VERSION.dll
0x00007ff919850000 - 0x00007ff91985f000 	D:\software\install_path\androidStudio\jre\jre\bin\verify.dll
0x00007ff919820000 - 0x00007ff919849000 	D:\software\install_path\androidStudio\jre\jre\bin\java.dll
0x00007ff9111a0000 - 0x00007ff9111b6000 	D:\software\install_path\androidStudio\jre\jre\bin\zip.dll
0x00007ff928970000 - 0x00007ff9290a1000 	C:\Windows\System32\SHELL32.dll
0x00007ff9261a0000 - 0x00007ff92692a000 	C:\Windows\SYSTEM32\windows.storage.dll
0x00007ff92a510000 - 0x00007ff92a864000 	C:\Windows\System32\combase.dll
0x00007ff927a70000 - 0x00007ff927a9b000 	C:\Windows\SYSTEM32\Wldp.dll
0x00007ff92a460000 - 0x00007ff92a50e000 	C:\Windows\System32\SHCORE.dll
0x00007ff929360000 - 0x00007ff9293b5000 	C:\Windows\System32\shlwapi.dll
0x00007ff927f30000 - 0x00007ff927f4f000 	C:\Windows\SYSTEM32\profapi.dll
0x00007ff911180000 - 0x00007ff91119a000 	D:\software\install_path\androidStudio\jre\jre\bin\net.dll
0x00007ff9277f0000 - 0x00007ff92785a000 	C:\Windows\system32\mswsock.dll
0x00007ff907c90000 - 0x00007ff907ca3000 	D:\software\install_path\androidStudio\jre\jre\bin\nio.dll
0x00007ff9179a0000 - 0x00007ff9179c6000 	D:\resources\android\.gradle\native\31\windows-amd64\native-platform.dll
0x00007ff919810000 - 0x00007ff91981d000 	D:\software\install_path\androidStudio\jre\jre\bin\management.dll
0x00007ff9279d0000 - 0x00007ff9279e8000 	C:\Windows\SYSTEM32\CRYPTSP.dll
0x00007ff927110000 - 0x00007ff927144000 	C:\Windows\system32\rsaenh.dll
0x00007ff928530000 - 0x00007ff928557000 	C:\Windows\System32\bcrypt.dll
0x00007ff927ef0000 - 0x00007ff927f1e000 	C:\Windows\SYSTEM32\USERENV.dll
0x00007ff9281e0000 - 0x00007ff92825f000 	C:\Windows\System32\bcryptprimitives.dll
0x00007ff9279c0000 - 0x00007ff9279cc000 	C:\Windows\SYSTEM32\CRYPTBASE.dll
0x00007ff927490000 - 0x00007ff9274cb000 	C:\Windows\SYSTEM32\IPHLPAPI.DLL
0x00007ff9296f0000 - 0x00007ff9296f9000 	C:\Windows\System32\NSI.dll
0x00007ff922210000 - 0x00007ff922227000 	C:\Windows\SYSTEM32\dhcpcsvc6.DLL
0x00007ff9221f0000 - 0x00007ff92220d000 	C:\Windows\SYSTEM32\dhcpcsvc.DLL
0x00007ff9274e0000 - 0x00007ff9275aa000 	C:\Windows\SYSTEM32\DNSAPI.dll
0x00007ff926da0000 - 0x00007ff926dd3000 	C:\Windows\SYSTEM32\ntmarta.dll
0x00007ff8ebda0000 - 0x00007ff8ebdc4000 	D:\software\install_path\androidStudio\jre\jre\bin\sunec.dll
0x00007ff91d470000 - 0x00007ff91d47a000 	C:\Windows\System32\rasadhlp.dll
0x00007ff91d390000 - 0x00007ff91d40f000 	C:\Windows\System32\fwpuclnt.dll
0x00007ff917640000 - 0x00007ff91764b000 	D:\software\install_path\androidStudio\jre\jre\bin\sunmscapi.dll
0x00007ff928710000 - 0x00007ff92886d000 	C:\Windows\System32\CRYPT32.dll
0x00007ff8ea700000 - 0x00007ff8ea89c000 	D:\software\install_path\androidStudio\jre\jre\bin\awt.dll
0x00007ff929840000 - 0x00007ff929915000 	C:\Windows\System32\OLEAUT32.dll
0x00007ff925cb0000 - 0x00007ff925cde000 	C:\Windows\SYSTEM32\dwmapi.dll
0x00007ff924920000 - 0x00007ff924ee0000 	C:\Windows\SYSTEM32\d2d1.dll
0x00007ff9259e0000 - 0x00007ff925a70000 	C:\Windows\SYSTEM32\apphelp.dll
0x00007ff925ae0000 - 0x00007ff925b7f000 	C:\Windows\system32\uxtheme.dll
0x00007ff919fc0000 - 0x00007ff919fde000 	C:\Users\Administrator\AppData\Local\Temp\native-platform6940844368551497070dir\native-platform.dll

VM Arguments:
jvm_args: -Xmx2048m -Dfile.encoding=GBK -Duser.country=CN -Duser.language=zh -Duser.variant 
java_command: org.gradle.launcher.daemon.bootstrap.GradleDaemon 6.1.1
java_class_path (initial): D:\resources\android\.gradle\wrapper\dists\gradle-6.1.1-all\cfmwm155h49vnt3hynmlrsdst\gradle-6.1.1\lib\gradle-launcher-6.1.1.jar
Launcher Type: SUN_STANDARD

Environment Variables:
JAVA_HOME=C:\Program Files\AdoptOpenJDK\jdk-11.0.7.10-hotspot
PATH=C:\Program Files\AdoptOpenJDK\jdk-11.0.7.10-hotspot\bin;C:\Program Files (x86)\Common Files\Oracle\Java\javapath;C:\Windows\system32;C:\Windows;C:\Windows\System32\Wbem;C:\Windows\System32\WindowsPowerShell\v1.0\;C:\Windows\System32\OpenSSH\;C:\Program Files\Git\cmd;C:\Program Files\nodejs\;C:\Program Files\AdoptOpenJDK\jdk-11.0.7.10-hotspot\bin;C:\Program Files\AdoptOpenJDK\jdk-11.0.7.10-hotspot\jre\bin;D:\resources\android\sdk\tools;D:\resources\android\sdk\platform-tools;D:\resources\android\.gradle\wrapper\dists\gradle-6.1.1-all\cfmwm155h49vnt3hynmlrsdst\gradle-6.1.1\bin;D:\software\apache-maven-3.6.3\bin;D:\resources\flutter\flutter\bin;C:\Users\Administrator\AppData\Local\Microsoft\WindowsApps;D:\software\install_path\Fiddler;C:\Users\Administrator\AppData\Local\GitHubDesktop\bin;C:\Users\Administrator\AppData\Roaming\npm;D:\software\install_path\Microsoft VS Code\bin
USERNAME=Administrator
OS=Windows_NT
PROCESSOR_IDENTIFIER=AMD64 Family 23 Model 113 Stepping 0, AuthenticAMD



---------------  S Y S T E M  ---------------

OS: Windows 10.0 , 64 bit Build 19041 (10.0.19041.207)

CPU:total 12 (initial active 12) (12 cores per cpu, 1 threads per core) family 23 model 113 stepping 0, cmov, cx8, fxsr, mmx, sse, sse2, sse3, ssse3, sse4.1, sse4.2, popcnt, avx, avx2, aes, clmul, mmxext, 3dnowpref, lzcnt, sse4a, tsc, tscinvbit, tscinv, bmi1

Memory: 4k page, physical 16726724k(6213288k free), swap 32960064k(552k free)

vm_info: OpenJDK 64-Bit Server VM (25.242-b01) for windows-amd64 JRE (1.8.0_242-release-1644-b01), built by "builder" with MS VC++ 10.0 (VS2010)

time: Wed Jul 08 00:56:19 2020
timezone: 中国标准时间
elapsed time: 530 seconds (0d 0h 8m 50s)

