#
# There is insufficient memory for the Java Runtime Environment to continue.
# Native memory allocation (malloc) failed to allocate 1472336 bytes for Chunk::new
# Possible reasons:
#   The system is out of physical RAM or swap space
#   The process is running with CompressedOops enabled, and the Java Heap may be blocking the growth of the native heap
# Possible solutions:
#   Reduce memory load on the system
#   Increase physical memory or swap space
#   Check if swap backing store is full
#   Decrease Java heap size (-Xmx/-Xms)
#   Decrease number of Java threads
#   Decrease Java thread stack sizes (-Xss)
#   Set larger code cache with -XX:ReservedCodeCacheSize=
#   JVM is running with Unscaled Compressed Oops mode in which the Java heap is
#     placed in the first 4GB address space. The Java Heap base address is the
#     maximum limit for the native heap growth. Please use -XX:HeapBaseMinAddress
#     to set the Java Heap base and to place the Java Heap above 4GB virtual address.
# This output file may be truncated or incomplete.
#
#  Out of Memory Error (allocation.cpp:389), pid=19172, tid=0x00000000000006fc
#
# JRE version: OpenJDK Runtime Environment (8.0_242-b01) (build 1.8.0_242-release-1644-b01)
# Java VM: OpenJDK 64-Bit Server VM (25.242-b01 mixed mode windows-amd64 compressed oops)
# Failed to write core dump. Minidumps are not enabled by default on client versions of Windows
#

---------------  T H R E A D  ---------------

Current thread (0x0000000019b0c000):  JavaThread "C2 CompilerThread1" daemon [_thread_in_native, id=1788, stack(0x000000001b0f0000,0x000000001b1f0000)]

Stack: [0x000000001b0f0000,0x000000001b1f0000]
[error occurred during error reporting (printing stack bounds), id 0xc0000005]

Native frames: (J=compiled Java code, j=interpreted, Vv=VM code, C=native code)


Current CompileTask:
C2:   3834 4683       4       com.sun.beans.TypeResolver::resolve (37 bytes)


---------------  P R O C E S S  ---------------

Java Threads: ( => current thread )
  0x000000001d929800 JavaThread "Cache worker for Build Output Cleanup Cache (D:\projects\android_projects\SmsControl\.gradle\buildOutputCleanup)" [_thread_blocked, id=15676, stack(0x0000000023730000,0x0000000023830000)]
  0x000000001d926000 JavaThread "Build operations Thread 12" [_thread_blocked, id=9268, stack(0x0000000024610000,0x0000000024710000)]
  0x000000001d928000 JavaThread "Build operations Thread 11" [_thread_blocked, id=10064, stack(0x0000000024510000,0x0000000024610000)]
  0x000000001d91e000 JavaThread "Build operations Thread 10" [_thread_blocked, id=6776, stack(0x0000000024310000,0x0000000024410000)]
  0x000000001d925000 JavaThread "Build operations Thread 9" [_thread_blocked, id=14460, stack(0x0000000024210000,0x0000000024310000)]
  0x000000001d924800 JavaThread "Build operations Thread 8" [_thread_blocked, id=18384, stack(0x0000000024110000,0x0000000024210000)]
  0x000000001d921800 JavaThread "Build operations Thread 7" [_thread_blocked, id=16876, stack(0x0000000024010000,0x0000000024110000)]
  0x000000001d920800 JavaThread "Build operations Thread 6" [_thread_blocked, id=18624, stack(0x0000000023f10000,0x0000000024010000)]
  0x000000001d920000 JavaThread "Build operations Thread 5" [_thread_blocked, id=19016, stack(0x0000000023e10000,0x0000000023f10000)]
  0x000000001d923800 JavaThread "Build operations Thread 4" [_thread_blocked, id=15240, stack(0x0000000023d10000,0x0000000023e10000)]
  0x000000001d91d800 JavaThread "Build operations Thread 3" [_thread_blocked, id=16168, stack(0x0000000023c10000,0x0000000023d10000)]
  0x000000001d91f000 JavaThread "Build operations Thread 2" [_thread_blocked, id=16624, stack(0x0000000023890000,0x0000000023990000)]
  0x000000001d91c000 JavaThread "Build operations" [_thread_blocked, id=18436, stack(0x0000000022040000,0x0000000022140000)]
  0x000000001d695800 JavaThread "Cache worker for execution history cache (D:\resources\android\.gradle\caches\6.1.1\executionHistory)" [_thread_blocked, id=17792, stack(0x0000000021b40000,0x0000000021c40000)]
  0x000000001d690000 JavaThread "Cache worker for cache directory md-rule (D:\resources\android\.gradle\caches\6.1.1\md-rule)" [_thread_blocked, id=12268, stack(0x0000000021a40000,0x0000000021b40000)]
  0x000000001d693000 JavaThread "Cache worker for cache directory md-supplier (D:\resources\android\.gradle\caches\6.1.1\md-supplier)" [_thread_blocked, id=12436, stack(0x00000000212e0000,0x00000000213e0000)]
  0x000000001d691000 JavaThread "Cache worker for file hash cache (D:\projects\android_projects\SmsControl\.gradle\6.1.1\fileHashes)" [_thread_blocked, id=15500, stack(0x0000000021540000,0x0000000021640000)]
  0x000000001d697000 JavaThread "Cache worker for checksums cache (D:\projects\android_projects\SmsControl\.gradle\checksums)" [_thread_blocked, id=15452, stack(0x0000000021440000,0x0000000021540000)]
  0x000000001d692800 JavaThread "Cache worker for file hash cache (D:\resources\android\.gradle\caches\6.1.1\fileHashes)" [_thread_blocked, id=18000, stack(0x000000001f040000,0x000000001f140000)]
  0x000000001d691800 JavaThread "File lock request listener" [_thread_in_native, id=12420, stack(0x000000001ef40000,0x000000001f040000)]
  0x000000001d5dc000 JavaThread "Cache worker for journal cache (D:\resources\android\.gradle\caches\journal-1)" [_thread_blocked, id=8884, stack(0x000000001ee40000,0x000000001ef40000)]
  0x000000001d49d000 JavaThread "Thread-9" [_thread_blocked, id=16628, stack(0x000000001eb40000,0x000000001ec40000)]
  0x000000001d499800 JavaThread "Stdin handler" [_thread_blocked, id=15576, stack(0x000000001ea40000,0x000000001eb40000)]
  0x000000001d4f3800 JavaThread "Asynchronous log dispatcher for DefaultDaemonConnection: socket connection from /127.0.0.1:49478 to /127.0.0.1:49479" [_thread_blocked, id=15328, stack(0x000000001e940000,0x000000001ea40000)]
  0x000000001d4ef000 JavaThread "Daemon worker" [_thread_in_vm, id=16344, stack(0x000000001e840000,0x000000001e940000)]
  0x000000001d4e3000 JavaThread "Cancel handler" [_thread_blocked, id=13196, stack(0x000000001e740000,0x000000001e840000)]
  0x000000001d4db000 JavaThread "Handler for socket connection from /127.0.0.1:49478 to /127.0.0.1:49479" [_thread_in_native, id=18896, stack(0x000000001e440000,0x000000001e540000)]
  0x000000001d4d6000 JavaThread "Daemon" [_thread_blocked, id=18464, stack(0x000000001e340000,0x000000001e440000)]
  0x000000001d4c2000 JavaThread "Daemon periodic checks" [_thread_blocked, id=8348, stack(0x000000001e240000,0x000000001e340000)]
  0x000000001d4a5000 JavaThread "Incoming local TCP Connector on port 49478" [_thread_in_native, id=4520, stack(0x000000001e090000,0x000000001e190000)]
  0x000000001d3f4800 JavaThread "Daemon health stats" [_thread_blocked, id=9476, stack(0x000000001df90000,0x000000001e090000)]
  0x0000000019b9f000 JavaThread "Service Thread" daemon [_thread_blocked, id=9304, stack(0x000000001b3f0000,0x000000001b4f0000)]
  0x0000000019b10000 JavaThread "C1 CompilerThread3" daemon [_thread_in_native, id=10296, stack(0x000000001b2f0000,0x000000001b3f0000)]
  0x0000000019b0f800 JavaThread "C2 CompilerThread2" daemon [_thread_in_native, id=17932, stack(0x000000001b1f0000,0x000000001b2f0000)]
=>0x0000000019b0c000 JavaThread "C2 CompilerThread1" daemon [_thread_in_native, id=1788, stack(0x000000001b0f0000,0x000000001b1f0000)]
  0x0000000019aa9800 JavaThread "C2 CompilerThread0" daemon [_thread_in_native, id=18120, stack(0x000000001aff0000,0x000000001b0f0000)]
  0x0000000019b05000 JavaThread "Attach Listener" daemon [_thread_blocked, id=10308, stack(0x000000001aef0000,0x000000001aff0000)]
  0x00000000183ce000 JavaThread "Signal Dispatcher" daemon [_thread_blocked, id=14352, stack(0x000000001adf0000,0x000000001aef0000)]
  0x00000000183c2800 JavaThread "Finalizer" daemon [_thread_blocked, id=15884, stack(0x000000001acf0000,0x000000001adf0000)]
  0x0000000019a93000 JavaThread "Reference Handler" daemon [_thread_blocked, id=10052, stack(0x000000001abf0000,0x000000001acf0000)]
  0x0000000002f4e800 JavaThread "main" [_thread_blocked, id=10224, stack(0x0000000002f50000,0x0000000003050000)]

Other Threads:
  0x00000000183b5800 VMThread [stack: 0x000000001aaf0000,0x000000001abf0000] [id=16008]
  0x0000000019ba0800 WatcherThread [stack: 0x000000001b4f0000,0x000000001b5f0000] [id=16184]

VM state:not at safepoint (normal execution)

VM Mutex/Monitor currently owned by a thread: None

heap address: 0x0000000080000000, size: 2048 MB, Compressed Oops mode: 32-bit
Narrow klass base: 0x0000000000000000, Narrow klass shift: 3
Compressed class space size: 1073741824 Address: 0x0000000100000000

Heap:
 PSYoungGen      total 231424K, used 43998K [0x00000000d5580000, 0x00000000e4680000, 0x0000000100000000)
  eden space 216576K, 13% used [0x00000000d5580000,0x00000000d71fec38,0x00000000e2900000)
  from space 14848K, 99% used [0x00000000e2900000,0x00000000e3778fa0,0x00000000e3780000)
  to   space 15360K, 0% used [0x00000000e3780000,0x00000000e3780000,0x00000000e4680000)
 ParOldGen       total 147968K, used 26619K [0x0000000080000000, 0x0000000089080000, 0x00000000d5580000)
  object space 147968K, 17% used [0x0000000080000000,0x00000000819fec20,0x0000000089080000)
 Metaspace       used 54291K, capacity 56272K, committed 56408K, reserved 1097728K
  class space    used 7341K, capacity 7757K, committed 7808K, reserved 1048576K

Card table byte_map: [0x0000000012510000,0x0000000012920000] byte_map_base: 0x0000000012110000

Marking Bits: (ParMarkBitMap*) 0x000000005ddff030
 Begin Bits: [0x00000000135d0000, 0x00000000155d0000)
 End Bits:   [0x00000000155d0000, 0x00000000175d0000)

Polling page: 0x00000000009f0000

CodeCache: size=245760Kb used=17560Kb max_used=17560Kb free=228199Kb
 bounds [0x0000000003150000, 0x0000000004280000, 0x0000000012150000]
 total_blobs=5703 nmethods=4930 adapters=686
 compilation: enabled

Compilation events (10 events):
Event: 3.817 Thread 0x0000000019b10000 4923       3       com.google.common.collect.CompactHashMap::isEmpty (13 bytes)
Event: 3.817 Thread 0x0000000019b10000 nmethod 4923 0x0000000004267790 code [0x00000000042678e0, 0x0000000004267a90]
Event: 3.817 Thread 0x0000000019b0f800 nmethod 4914 0x000000000426de10 code [0x000000000426df60, 0x000000000426e048]
Event: 3.817 Thread 0x0000000019b0f800 4926       4       java.util.regex.Pattern::closure (477 bytes)
Event: 3.818 Thread 0x0000000019b10000 4928   !   3       org.gradle.internal.instantiation.generator.AsmBackedClassGenerator$ClassBuilderImpl::getAnnotationParameterValue (16 bytes)
Event: 3.818 Thread 0x0000000019b10000 nmethod 4928 0x000000000426d810 code [0x000000000426d980, 0x000000000426dc78]
Event: 3.819 Thread 0x0000000019b10000 4929       3       com.google.common.collect.LinkedHashMultimap$ValueEntry::<init> (18 bytes)
Event: 3.819 Thread 0x0000000019b10000 nmethod 4929 0x000000000426d290 code [0x000000000426d400, 0x000000000426d6b0]
Event: 3.819 Thread 0x0000000019b10000 4930       3       com.google.common.collect.ImmutableEntry::<init> (15 bytes)
Event: 3.819 Thread 0x0000000019b10000 nmethod 4930 0x000000000426ce10 code [0x000000000426cf80, 0x000000000426d1b0]

GC Heap History (10 events):
Event: 1.431 GC heap before
{Heap before GC invocations=5 (full 1):
 PSYoungGen      total 141824K, used 7620K [0x00000000d5580000, 0x00000000dea80000, 0x0000000100000000)
  eden space 131072K, 0% used [0x00000000d5580000,0x00000000d5580000,0x00000000dd580000)
  from space 10752K, 70% used [0x00000000de000000,0x00000000de771010,0x00000000dea80000)
  to   space 10752K, 0% used [0x00000000dd580000,0x00000000dd580000,0x00000000de000000)
 ParOldGen       total 175104K, used 1202K [0x0000000080000000, 0x000000008ab00000, 0x00000000d5580000)
  object space 175104K, 0% used [0x0000000080000000,0x000000008012ca50,0x000000008ab00000)
 Metaspace       used 20565K, capacity 21154K, committed 21248K, reserved 1067008K
  class space    used 2875K, capacity 3059K, committed 3072K, reserved 1048576K
Event: 1.451 GC heap after
Heap after GC invocations=5 (full 1):
 PSYoungGen      total 141824K, used 0K [0x00000000d5580000, 0x00000000dea80000, 0x0000000100000000)
  eden space 131072K, 0% used [0x00000000d5580000,0x00000000d5580000,0x00000000dd580000)
  from space 10752K, 0% used [0x00000000de000000,0x00000000de000000,0x00000000dea80000)
  to   space 10752K, 0% used [0x00000000dd580000,0x00000000dd580000,0x00000000de000000)
 ParOldGen       total 94720K, used 7384K [0x0000000080000000, 0x0000000085c80000, 0x00000000d5580000)
  object space 94720K, 7% used [0x0000000080000000,0x0000000080736340,0x0000000085c80000)
 Metaspace       used 20565K, capacity 21154K, committed 21248K, reserved 1067008K
  class space    used 2875K, capacity 3059K, committed 3072K, reserved 1048576K
}
Event: 2.101 GC heap before
{Heap before GC invocations=6 (full 1):
 PSYoungGen      total 141824K, used 131072K [0x00000000d5580000, 0x00000000dea80000, 0x0000000100000000)
  eden space 131072K, 100% used [0x00000000d5580000,0x00000000dd580000,0x00000000dd580000)
  from space 10752K, 0% used [0x00000000de000000,0x00000000de000000,0x00000000dea80000)
  to   space 10752K, 0% used [0x00000000dd580000,0x00000000dd580000,0x00000000de000000)
 ParOldGen       total 94720K, used 7384K [0x0000000080000000, 0x0000000085c80000, 0x00000000d5580000)
  object space 94720K, 7% used [0x0000000080000000,0x0000000080736340,0x0000000085c80000)
 Metaspace       used 31809K, capacity 32526K, committed 32768K, reserved 1077248K
  class space    used 4320K, capacity 4520K, committed 4608K, reserved 1048576K
Event: 2.107 GC heap after
Heap after GC invocations=6 (full 1):
 PSYoungGen      total 141824K, used 10725K [0x00000000d5580000, 0x00000000e4680000, 0x0000000100000000)
  eden space 131072K, 0% used [0x00000000d5580000,0x00000000d5580000,0x00000000dd580000)
  from space 10752K, 99% used [0x00000000dd580000,0x00000000ddff95e8,0x00000000de000000)
  to   space 15360K, 0% used [0x00000000e3780000,0x00000000e3780000,0x00000000e4680000)
 ParOldGen       total 94720K, used 10085K [0x0000000080000000, 0x0000000085c80000, 0x00000000d5580000)
  object space 94720K, 10% used [0x0000000080000000,0x00000000809d97f0,0x0000000085c80000)
 Metaspace       used 31809K, capacity 32526K, committed 32768K, reserved 1077248K
  class space    used 4320K, capacity 4520K, committed 4608K, reserved 1048576K
}
Event: 2.327 GC heap before
{Heap before GC invocations=7 (full 1):
 PSYoungGen      total 141824K, used 69959K [0x00000000d5580000, 0x00000000e4680000, 0x0000000100000000)
  eden space 131072K, 45% used [0x00000000d5580000,0x00000000d8f58a00,0x00000000dd580000)
  from space 10752K, 99% used [0x00000000dd580000,0x00000000ddff95e8,0x00000000de000000)
  to   space 15360K, 0% used [0x00000000e3780000,0x00000000e3780000,0x00000000e4680000)
 ParOldGen       total 94720K, used 10085K [0x0000000080000000, 0x0000000085c80000, 0x00000000d5580000)
  object space 94720K, 10% used [0x0000000080000000,0x00000000809d97f0,0x0000000085c80000)
 Metaspace       used 34456K, capacity 35320K, committed 35416K, reserved 1079296K
  class space    used 4699K, capacity 4915K, committed 4992K, reserved 1048576K
Event: 2.333 GC heap after
Heap after GC invocations=7 (full 1):
 PSYoungGen      total 231936K, used 10239K [0x00000000d5580000, 0x00000000e4680000, 0x0000000100000000)
  eden space 216576K, 0% used [0x00000000d5580000,0x00000000d5580000,0x00000000e2900000)
  from space 15360K, 66% used [0x00000000e3780000,0x00000000e417fdd8,0x00000000e4680000)
  to   space 14848K, 0% used [0x00000000e2900000,0x00000000e2900000,0x00000000e3780000)
 ParOldGen       total 94720K, used 10093K [0x0000000080000000, 0x0000000085c80000, 0x00000000d5580000)
  object space 94720K, 10% used [0x0000000080000000,0x00000000809db7f0,0x0000000085c80000)
 Metaspace       used 34456K, capacity 35320K, committed 35416K, reserved 1079296K
  class space    used 4699K, capacity 4915K, committed 4992K, reserved 1048576K
}
Event: 2.334 GC heap before
{Heap before GC invocations=8 (full 2):
 PSYoungGen      total 231936K, used 10239K [0x00000000d5580000, 0x00000000e4680000, 0x0000000100000000)
  eden space 216576K, 0% used [0x00000000d5580000,0x00000000d5580000,0x00000000e2900000)
  from space 15360K, 66% used [0x00000000e3780000,0x00000000e417fdd8,0x00000000e4680000)
  to   space 14848K, 0% used [0x00000000e2900000,0x00000000e2900000,0x00000000e3780000)
 ParOldGen       total 94720K, used 10093K [0x0000000080000000, 0x0000000085c80000, 0x00000000d5580000)
  object space 94720K, 10% used [0x0000000080000000,0x00000000809db7f0,0x0000000085c80000)
 Metaspace       used 34456K, capacity 35320K, committed 35416K, reserved 1079296K
  class space    used 4699K, capacity 4915K, committed 4992K, reserved 1048576K
Event: 2.366 GC heap after
Heap after GC invocations=8 (full 2):
 PSYoungGen      total 231936K, used 0K [0x00000000d5580000, 0x00000000e4680000, 0x0000000100000000)
  eden space 216576K, 0% used [0x00000000d5580000,0x00000000d5580000,0x00000000e2900000)
  from space 15360K, 0% used [0x00000000e3780000,0x00000000e3780000,0x00000000e4680000)
  to   space 14848K, 0% used [0x00000000e2900000,0x00000000e2900000,0x00000000e3780000)
 ParOldGen       total 147968K, used 16785K [0x0000000080000000, 0x0000000089080000, 0x00000000d5580000)
  object space 147968K, 11% used [0x0000000080000000,0x0000000081064740,0x0000000089080000)
 Metaspace       used 34456K, capacity 35320K, committed 35416K, reserved 1079296K
  class space    used 4699K, capacity 4915K, committed 4992K, reserved 1048576K
}
Event: 3.604 GC heap before
{Heap before GC invocations=9 (full 2):
 PSYoungGen      total 231936K, used 216576K [0x00000000d5580000, 0x00000000e4680000, 0x0000000100000000)
  eden space 216576K, 100% used [0x00000000d5580000,0x00000000e2900000,0x00000000e2900000)
  from space 15360K, 0% used [0x00000000e3780000,0x00000000e3780000,0x00000000e4680000)
  to   space 14848K, 0% used [0x00000000e2900000,0x00000000e2900000,0x00000000e3780000)
 ParOldGen       total 147968K, used 16785K [0x0000000080000000, 0x0000000089080000, 0x00000000d5580000)
  object space 147968K, 11% used [0x0000000080000000,0x0000000081064740,0x0000000089080000)
 Metaspace       used 51131K, capacity 52812K, committed 53080K, reserved 1095680K
  class space    used 6810K, capacity 7187K, committed 7296K, reserved 1048576K
Event: 3.618 GC heap after
Heap after GC invocations=9 (full 2):
 PSYoungGen      total 231424K, used 14819K [0x00000000d5580000, 0x00000000e4680000, 0x0000000100000000)
  eden space 216576K, 0% used [0x00000000d5580000,0x00000000d5580000,0x00000000e2900000)
  from space 14848K, 99% used [0x00000000e2900000,0x00000000e3778fa0,0x00000000e3780000)
  to   space 15360K, 0% used [0x00000000e3780000,0x00000000e3780000,0x00000000e4680000)
 ParOldGen       total 147968K, used 26619K [0x0000000080000000, 0x0000000089080000, 0x00000000d5580000)
  object space 147968K, 17% used [0x0000000080000000,0x00000000819fec20,0x0000000089080000)
 Metaspace       used 51131K, capacity 52812K, committed 53080K, reserved 1095680K
  class space    used 6810K, capacity 7187K, committed 7296K, reserved 1048576K
}

Deoptimization events (10 events):
Event: 3.282 Thread 0x000000001d4ef000 Uncommon trap: reason=unstable_if action=reinterpret pc=0x0000000003b655e4 method=org.gradle.internal.reflect.PropertyAccessorType.of(Ljava/lang/reflect/Method;)Lorg/gradle/internal/reflect/PropertyAccessorType; @ 56
Event: 3.376 Thread 0x000000001d4ef000 Uncommon trap: reason=unstable_if action=reinterpret pc=0x0000000003e9beec method=org.gradle.internal.instantiation.generator.AbstractClassGenerator$InjectionAnnotationValidator.validateMethod(Ljava/lang/reflect/Method;Lorg/gradle/internal/reflect/Propert
Event: 3.376 Thread 0x000000001d4ef000 Uncommon trap: reason=unstable_if action=reinterpret pc=0x00000000032bc67c method=org.gradle.internal.instantiation.generator.AbstractClassGenerator$InjectionAnnotationValidator.validateMethod(Ljava/lang/reflect/Method;Lorg/gradle/internal/reflect/Propert
Event: 3.415 Thread 0x000000001d4ef000 Uncommon trap: reason=unstable_if action=reinterpret pc=0x00000000033165e4 method=java.lang.String.replace(CC)Ljava/lang/String; @ 2
Event: 3.418 Thread 0x000000001d4ef000 Uncommon trap: reason=bimorphic action=maybe_recompile pc=0x0000000003b54dec method=org.codehaus.groovy.runtime.metaclass.MetaMethodIndex.addMethodToList(Ljava/lang/Object;Lgroovy/lang/MetaMethod;)Ljava/lang/Object; @ 96
Event: 3.418 Thread 0x000000001d4ef000 Uncommon trap: reason=unstable_if action=reinterpret pc=0x0000000003b54d60 method=org.codehaus.groovy.runtime.metaclass.MetaMethodIndex.isNonRealMethod(Lgroovy/lang/MetaMethod;)Z @ 4
Event: 3.418 Thread 0x000000001d4ef000 Uncommon trap: reason=unstable_if action=reinterpret pc=0x0000000003e0a988 method=groovy.lang.MetaClassImpl$1MOPIter.methodNameAction(Ljava/lang/Class;Lorg/codehaus/groovy/runtime/metaclass/MetaMethodIndex$Entry;)V @ 182
Event: 3.472 Thread 0x000000001d4ef000 Uncommon trap: reason=unstable_if action=reinterpret pc=0x0000000003514084 method=java.lang.String.lastIndexOf([CII[CIII)I @ 17
Event: 3.472 Thread 0x000000001d4ef000 Uncommon trap: reason=unstable_if action=reinterpret pc=0x0000000003d403a4 method=sun.net.www.protocol.jar.Handler.parseURL(Ljava/net/URL;Ljava/lang/String;II)V @ 116
Event: 3.566 Thread 0x000000001d4ef000 Uncommon trap: reason=unstable_if action=reinterpret pc=0x0000000003e31a30 method=org.codehaus.groovy.reflection.CachedMethod.compareToMethod(Ljava/lang/reflect/Method;)I @ 43

Classes redefined (0 events):
No events

Internal exceptions (10 events):
Event: 3.579 Thread 0x000000001d4ef000 Exception <a 'java/lang/ClassNotFoundException': org/gradle/api/internal/file/collections/DefaultConfigurableFileTreeCustomizer> (0x00000000e23b3de8) thrown at [C:\src\AOSP-openjdk-git\hotspot\src\share\vm\classfile\systemDictionary.cpp, line 210]
Event: 3.583 Thread 0x000000001d4ef000 Exception <a 'java/lang/ClassNotFoundException': org/gradle/api/plugins/internal/DefaultBasePluginConventionBeanInfo> (0x00000000e24a2140) thrown at [C:\src\AOSP-openjdk-git\hotspot\src\share\vm\classfile\systemDictionary.cpp, line 210]
Event: 3.584 Thread 0x000000001d4ef000 Exception <a 'java/lang/ClassNotFoundException': org/gradle/api/plugins/BasePluginConventionBeanInfo> (0x00000000e24ef238) thrown at [C:\src\AOSP-openjdk-git\hotspot\src\share\vm\classfile\systemDictionary.cpp, line 210]
Event: 3.584 Thread 0x000000001d4ef000 Exception <a 'java/lang/ClassNotFoundException': org/gradle/api/plugins/BasePluginConventionCustomizer> (0x00000000e253d738) thrown at [C:\src\AOSP-openjdk-git\hotspot\src\share\vm\classfile\systemDictionary.cpp, line 210]
Event: 3.585 Thread 0x000000001d4ef000 Exception <a 'java/lang/ClassNotFoundException': org/gradle/api/plugins/internal/DefaultBasePluginConventionCustomizer> (0x00000000e25afd88) thrown at [C:\src\AOSP-openjdk-git\hotspot\src\share\vm\classfile\systemDictionary.cpp, line 210]
Event: 3.588 Thread 0x000000001d4ef000 Exception <a 'java/lang/ClassNotFoundException': org/gradle/api/plugins/internal/DefaultJavaPluginConventionBeanInfo> (0x00000000e2666048) thrown at [C:\src\AOSP-openjdk-git\hotspot\src\share\vm\classfile\systemDictionary.cpp, line 210]
Event: 3.588 Thread 0x000000001d4ef000 Exception <a 'java/lang/ClassNotFoundException': org/gradle/api/plugins/JavaPluginConventionBeanInfo> (0x00000000e26b30c0) thrown at [C:\src\AOSP-openjdk-git\hotspot\src\share\vm\classfile\systemDictionary.cpp, line 210]
Event: 3.589 Thread 0x000000001d4ef000 Exception <a 'java/lang/ClassNotFoundException': org/gradle/api/plugins/JavaPluginConventionCustomizer> (0x00000000e27015c0) thrown at [C:\src\AOSP-openjdk-git\hotspot\src\share\vm\classfile\systemDictionary.cpp, line 210]
Event: 3.590 Thread 0x000000001d4ef000 Exception <a 'java/lang/ClassNotFoundException': org/gradle/api/plugins/internal/DefaultJavaPluginConventionCustomizer> (0x00000000e277c5d8) thrown at [C:\src\AOSP-openjdk-git\hotspot\src\share\vm\classfile\systemDictionary.cpp, line 210]
Event: 3.663 Thread 0x000000001d4ef000 Exception <a 'java/lang/NoSuchMethodError': java.lang.Object.lambda$comparingInt$7b0bb60$1(Ljava/util/function/ToIntFunction;Ljava/lang/Object;Ljava/lang/Object;)I> (0x00000000d5ba2310) thrown at [C:\src\AOSP-openjdk-git\hotspot\src\share\vm\interpreter\l

Events (10 events):
Event: 3.817 loading class com/android/build/gradle/internal/dependency/ExtractAarTransform
Event: 3.817 loading class com/android/build/gradle/internal/dependency/ExtractAarTransform done
Event: 3.817 loading class com/android/build/gradle/internal/DependencyConfigurator$configureDependencies$6
Event: 3.817 loading class com/android/build/gradle/internal/DependencyConfigurator$configureDependencies$6 done
Event: 3.818 loading class com/android/build/gradle/internal/dependency/MockableJarTransform
Event: 3.818 loading class com/android/build/gradle/internal/dependency/MockableJarTransform done
Event: 3.818 loading class com/android/build/gradle/internal/DependencyConfigurator$configureDependencies$7
Event: 3.818 loading class com/android/build/gradle/internal/DependencyConfigurator$configureDependencies$7 done
Event: 3.819 loading class com/android/build/gradle/internal/dependency/MockableJarTransform$Parameters
Event: 3.819 loading class com/android/build/gradle/internal/dependency/MockableJarTransform$Parameters done


Dynamic libraries:
0x00007ff7e30d0000 - 0x00007ff7e3101000 	D:\software\install_path\androidStudio\jre\bin\java.exe
0x00007ff92a8b0000 - 0x00007ff92aaa4000 	C:\Windows\SYSTEM32\ntdll.dll
0x00007ff92a0b0000 - 0x00007ff92a16d000 	C:\Windows\System32\KERNEL32.DLL
0x00007ff928260000 - 0x00007ff928527000 	C:\Windows\System32\KERNELBASE.dll
0x00007ff929470000 - 0x00007ff92951a000 	C:\Windows\System32\ADVAPI32.dll
0x00007ff929650000 - 0x00007ff9296ee000 	C:\Windows\System32\msvcrt.dll
0x00007ff929150000 - 0x00007ff9291eb000 	C:\Windows\System32\sechost.dll
0x00007ff929520000 - 0x00007ff929643000 	C:\Windows\System32\RPCRT4.dll
0x00007ff92a1a0000 - 0x00007ff92a340000 	C:\Windows\System32\USER32.dll
0x00007ff9281b0000 - 0x00007ff9281d2000 	C:\Windows\System32\win32u.dll
0x00007ff92a170000 - 0x00007ff92a19a000 	C:\Windows\System32\GDI32.dll
0x00007ff9280a0000 - 0x00007ff9281aa000 	C:\Windows\System32\gdi32full.dll
0x00007ff928870000 - 0x00007ff92890d000 	C:\Windows\System32\msvcp_win.dll
0x00007ff928560000 - 0x00007ff928660000 	C:\Windows\System32\ucrtbase.dll
0x00007ff90f050000 - 0x00007ff90f2ea000 	C:\Windows\WinSxS\amd64_microsoft.windows.common-controls_6595b64144ccf1df_6.0.19041.1_none_b555e41d4684ddec\COMCTL32.dll
0x00007ff9292d0000 - 0x00007ff929300000 	C:\Windows\System32\IMM32.DLL
0x000000005d550000 - 0x000000005d622000 	D:\software\install_path\androidStudio\jre\jre\bin\msvcr100.dll
0x000000005d630000 - 0x000000005de7b000 	D:\software\install_path\androidStudio\jre\jre\bin\server\jvm.dll
0x00007ff929a80000 - 0x00007ff929a88000 	C:\Windows\System32\PSAPI.DLL
0x00007ff919860000 - 0x00007ff919869000 	C:\Windows\SYSTEM32\WSOCK32.dll
0x00007ff920700000 - 0x00007ff920727000 	C:\Windows\SYSTEM32\WINMM.dll
0x00007ff920730000 - 0x00007ff92073a000 	C:\Windows\SYSTEM32\VERSION.dll
0x00007ff929920000 - 0x00007ff92998b000 	C:\Windows\System32\WS2_32.dll
0x00007ff919850000 - 0x00007ff91985f000 	D:\software\install_path\androidStudio\jre\jre\bin\verify.dll
0x00007ff919820000 - 0x00007ff919849000 	D:\software\install_path\androidStudio\jre\jre\bin\java.dll
0x00007ff9111a0000 - 0x00007ff9111b6000 	D:\software\install_path\androidStudio\jre\jre\bin\zip.dll
0x00007ff928970000 - 0x00007ff9290a1000 	C:\Windows\System32\SHELL32.dll
0x00007ff9261a0000 - 0x00007ff92692a000 	C:\Windows\SYSTEM32\windows.storage.dll
0x00007ff92a510000 - 0x00007ff92a864000 	C:\Windows\System32\combase.dll
0x00007ff927a70000 - 0x00007ff927a9b000 	C:\Windows\SYSTEM32\Wldp.dll
0x00007ff92a460000 - 0x00007ff92a50e000 	C:\Windows\System32\SHCORE.dll
0x00007ff929360000 - 0x00007ff9293b5000 	C:\Windows\System32\shlwapi.dll
0x00007ff927f30000 - 0x00007ff927f4f000 	C:\Windows\SYSTEM32\profapi.dll
0x00007ff911180000 - 0x00007ff91119a000 	D:\software\install_path\androidStudio\jre\jre\bin\net.dll
0x00007ff9277f0000 - 0x00007ff92785a000 	C:\Windows\system32\mswsock.dll
0x00007ff907c90000 - 0x00007ff907ca3000 	D:\software\install_path\androidStudio\jre\jre\bin\nio.dll
0x00007ff9179a0000 - 0x00007ff9179c6000 	D:\resources\android\.gradle\native\31\windows-amd64\native-platform.dll
0x00007ff919810000 - 0x00007ff91981d000 	D:\software\install_path\androidStudio\jre\jre\bin\management.dll
0x00007ff9279d0000 - 0x00007ff9279e8000 	C:\Windows\SYSTEM32\CRYPTSP.dll
0x00007ff927110000 - 0x00007ff927144000 	C:\Windows\system32\rsaenh.dll
0x00007ff928530000 - 0x00007ff928557000 	C:\Windows\System32\bcrypt.dll
0x00007ff927ef0000 - 0x00007ff927f1e000 	C:\Windows\SYSTEM32\USERENV.dll
0x00007ff9281e0000 - 0x00007ff92825f000 	C:\Windows\System32\bcryptprimitives.dll
0x00007ff9279c0000 - 0x00007ff9279cc000 	C:\Windows\SYSTEM32\CRYPTBASE.dll
0x00007ff927490000 - 0x00007ff9274cb000 	C:\Windows\SYSTEM32\IPHLPAPI.DLL
0x00007ff9296f0000 - 0x00007ff9296f9000 	C:\Windows\System32\NSI.dll
0x00007ff922210000 - 0x00007ff922227000 	C:\Windows\SYSTEM32\dhcpcsvc6.DLL
0x00007ff9221f0000 - 0x00007ff92220d000 	C:\Windows\SYSTEM32\dhcpcsvc.DLL
0x00007ff9274e0000 - 0x00007ff9275aa000 	C:\Windows\SYSTEM32\DNSAPI.dll

VM Arguments:
jvm_args: -Xmx2048m -Dfile.encoding=GBK -Duser.country=CN -Duser.language=zh -Duser.variant 
java_command: org.gradle.launcher.daemon.bootstrap.GradleDaemon 6.1.1
java_class_path (initial): D:\resources\android\.gradle\wrapper\dists\gradle-6.1.1-all\cfmwm155h49vnt3hynmlrsdst\gradle-6.1.1\lib\gradle-launcher-6.1.1.jar
Launcher Type: SUN_STANDARD

Environment Variables:
JAVA_HOME=C:\Program Files\AdoptOpenJDK\jdk-11.0.7.10-hotspot
PATH=C:\Program Files\AdoptOpenJDK\jdk-11.0.7.10-hotspot\bin;C:\Program Files (x86)\Common Files\Oracle\Java\javapath;C:\Windows\system32;C:\Windows;C:\Windows\System32\Wbem;C:\Windows\System32\WindowsPowerShell\v1.0\;C:\Windows\System32\OpenSSH\;C:\Program Files\Git\cmd;C:\Program Files\nodejs\;C:\Program Files\AdoptOpenJDK\jdk-11.0.7.10-hotspot\bin;C:\Program Files\AdoptOpenJDK\jdk-11.0.7.10-hotspot\jre\bin;D:\resources\android\sdk\tools;D:\resources\android\sdk\platform-tools;D:\resources\android\.gradle\wrapper\dists\gradle-6.1.1-all\cfmwm155h49vnt3hynmlrsdst\gradle-6.1.1\bin;D:\software\apache-maven-3.6.3\bin;D:\resources\flutter\flutter\bin;C:\Users\Administrator\AppData\Local\Microsoft\WindowsApps;D:\software\install_path\Fiddler;C:\Users\Administrator\AppData\Local\GitHubDesktop\bin;C:\Users\Administrator\AppData\Roaming\npm;D:\software\install_path\Microsoft VS Code\bin
USERNAME=Administrator
OS=Windows_NT
PROCESSOR_IDENTIFIER=AMD64 Family 23 Model 113 Stepping 0, AuthenticAMD



---------------  S Y S T E M  ---------------

OS: Windows 10.0 , 64 bit Build 19041 (10.0.19041.207)

CPU:total 12 (initial active 12) (12 cores per cpu, 1 threads per core) family 23 model 113 stepping 0, cmov, cx8, fxsr, mmx, sse, sse2, sse3, ssse3, sse4.1, sse4.2, popcnt, avx, avx2, aes, clmul, mmxext, 3dnowpref, lzcnt, sse4a, tsc, tscinvbit, tscinv, bmi1

Memory: 4k page, physical 16726724k(6393580k free), swap 32960064k(6024k free)

vm_info: OpenJDK 64-Bit Server VM (25.242-b01) for windows-amd64 JRE (1.8.0_242-release-1644-b01), built by "builder" with MS VC++ 10.0 (VS2010)

time: Wed Jul 08 00:59:40 2020
timezone: 中国标准时间
elapsed time: 3 seconds (0d 0h 0m 3s)

