#
# There is insufficient memory for the Java Runtime Environment to continue.
# Native memory allocation (malloc) failed to allocate 1254256 bytes for Chunk::new
# Possible reasons:
#   The system is out of physical RAM or swap space
#   The process is running with CompressedOops enabled, and the Java Heap may be blocking the growth of the native heap
# Possible solutions:
#   Reduce memory load on the system
#   Increase physical memory or swap space
#   Check if swap backing store is full
#   Decrease Java heap size (-Xmx/-Xms)
#   Decrease number of Java threads
#   Decrease Java thread stack sizes (-Xss)
#   Set larger code cache with -XX:ReservedCodeCacheSize=
#   JVM is running with Unscaled Compressed Oops mode in which the Java heap is
#     placed in the first 4GB address space. The Java Heap base address is the
#     maximum limit for the native heap growth. Please use -XX:HeapBaseMinAddress
#     to set the Java Heap base and to place the Java Heap above 4GB virtual address.
# This output file may be truncated or incomplete.
#
#  Out of Memory Error (allocation.cpp:389), pid=18664, tid=0x0000000000001a1c
#
# JRE version: OpenJDK Runtime Environment (8.0_242-b01) (build 1.8.0_242-release-1644-b01)
# Java VM: OpenJDK 64-Bit Server VM (25.242-b01 mixed mode windows-amd64 compressed oops)
# Failed to write core dump. Minidumps are not enabled by default on client versions of Windows
#

---------------  T H R E A D  ---------------

Current thread (0x00000000199ff800):  JavaThread "C2 CompilerThread2" daemon [_thread_in_native, id=6684, stack(0x000000001b110000,0x000000001b210000)]

Stack: [0x000000001b110000,0x000000001b210000]
[error occurred during error reporting (printing stack bounds), id 0xc0000005]

Native frames: (J=compiled Java code, j=interpreted, Vv=VM code, C=native code)


Current CompileTask:
C2:   4402 5394       4       java.net.URLClassLoader$1::run (5 bytes)


---------------  P R O C E S S  ---------------

Java Threads: ( => current thread )
  0x0000000020345800 JavaThread "Cache worker for file content cache (D:\projects\android_projects\SmsControl\.gradle\6.1.1\fileContent)" [_thread_blocked, id=18992, stack(0x0000000026bb0000,0x0000000026cb0000)]
  0x0000000020345000 JavaThread "Cache worker for file content cache (D:\resources\android\.gradle\caches\6.1.1\fileContent)" [_thread_blocked, id=15120, stack(0x0000000026ab0000,0x0000000026bb0000)]
  0x0000000020346800 JavaThread "Memory manager" [_thread_blocked, id=19440, stack(0x0000000025910000,0x0000000025a10000)]
  0x0000000020342800 JavaThread "Cache worker for Build Output Cleanup Cache (D:\projects\android_projects\SmsControl\.gradle\buildOutputCleanup)" [_thread_blocked, id=15368, stack(0x0000000024770000,0x0000000024870000)]
  0x0000000020341000 JavaThread "Build operations Thread 12" [_thread_blocked, id=10084, stack(0x0000000024470000,0x0000000024570000)]
  0x0000000020342000 JavaThread "Build operations Thread 11" [_thread_blocked, id=10920, stack(0x0000000024370000,0x0000000024470000)]
  0x0000000020339800 JavaThread "Build operations Thread 10" [_thread_blocked, id=7768, stack(0x0000000024170000,0x0000000024270000)]
  0x000000002033f000 JavaThread "Build operations Thread 9" [_thread_blocked, id=6904, stack(0x0000000024070000,0x0000000024170000)]
  0x000000002033f800 JavaThread "Build operations Thread 8" [_thread_blocked, id=5220, stack(0x0000000023f70000,0x0000000024070000)]
  0x0000000020340800 JavaThread "Build operations Thread 7" [_thread_blocked, id=6520, stack(0x0000000023e70000,0x0000000023f70000)]
  0x0000000020337800 JavaThread "Build operations Thread 6" [_thread_blocked, id=8340, stack(0x0000000023d70000,0x0000000023e70000)]
  0x000000002033e000 JavaThread "Build operations Thread 5" [_thread_blocked, id=7812, stack(0x0000000023c70000,0x0000000023d70000)]
  0x000000002033b000 JavaThread "Build operations Thread 4" [_thread_blocked, id=9932, stack(0x0000000023b70000,0x0000000023c70000)]
  0x0000000020339000 JavaThread "Build operations Thread 3" [_thread_blocked, id=13564, stack(0x0000000023a70000,0x0000000023b70000)]
  0x0000000020338000 JavaThread "Build operations Thread 2" [_thread_blocked, id=12880, stack(0x0000000023970000,0x0000000023a70000)]
  0x000000002033a800 JavaThread "Build operations" [_thread_blocked, id=18480, stack(0x0000000023870000,0x0000000023970000)]
  0x000000001d677000 JavaThread "Cache worker for execution history cache (D:\resources\android\.gradle\caches\6.1.1\executionHistory)" [_thread_blocked, id=15552, stack(0x0000000021ba0000,0x0000000021ca0000)]
  0x000000001d674000 JavaThread "Cache worker for cache directory md-rule (D:\resources\android\.gradle\caches\6.1.1\md-rule)" [_thread_blocked, id=18392, stack(0x0000000021640000,0x0000000021740000)]
  0x000000001d675800 JavaThread "Cache worker for cache directory md-supplier (D:\resources\android\.gradle\caches\6.1.1\md-supplier)" [_thread_blocked, id=17356, stack(0x0000000021290000,0x0000000021390000)]
  0x000000001d678800 JavaThread "Cache worker for file hash cache (D:\projects\android_projects\SmsControl\.gradle\6.1.1\fileHashes)" [_thread_blocked, id=16148, stack(0x00000000213f0000,0x00000000214f0000)]
  0x000000001d673800 JavaThread "Cache worker for checksums cache (D:\projects\android_projects\SmsControl\.gradle\checksums)" [_thread_blocked, id=17764, stack(0x0000000021540000,0x0000000021640000)]
  0x000000001d676800 JavaThread "Cache worker for file hash cache (D:\resources\android\.gradle\caches\6.1.1\fileHashes)" [_thread_blocked, id=14384, stack(0x000000001eff0000,0x000000001f0f0000)]
  0x000000001d67a000 JavaThread "File lock request listener" [_thread_in_native, id=17588, stack(0x000000001eef0000,0x000000001eff0000)]
  0x000000001d6e7000 JavaThread "Cache worker for journal cache (D:\resources\android\.gradle\caches\journal-1)" [_thread_blocked, id=8408, stack(0x000000001edf0000,0x000000001eef0000)]
  0x000000001d3ee800 JavaThread "Thread-9" [_thread_blocked, id=15108, stack(0x000000001eaf0000,0x000000001ebf0000)]
  0x000000001d3ee000 JavaThread "Stdin handler" [_thread_blocked, id=15048, stack(0x000000001e9f0000,0x000000001eaf0000)]
  0x000000001d3ed000 JavaThread "Asynchronous log dispatcher for DefaultDaemonConnection: socket connection from /127.0.0.1:49469 to /127.0.0.1:49470" [_thread_blocked, id=9688, stack(0x000000001e8f0000,0x000000001e9f0000)]
  0x000000001d3db800 JavaThread "Daemon worker" [_thread_in_Java, id=17660, stack(0x000000001e7f0000,0x000000001e8f0000)]
  0x000000001d3f2000 JavaThread "Cancel handler" [_thread_blocked, id=3468, stack(0x000000001e6f0000,0x000000001e7f0000)]
  0x000000001d4e0000 JavaThread "Handler for socket connection from /127.0.0.1:49469 to /127.0.0.1:49470" [_thread_in_native, id=13092, stack(0x000000001e3f0000,0x000000001e4f0000)]
  0x000000001d462000 JavaThread "Daemon" [_thread_blocked, id=15932, stack(0x000000001e2f0000,0x000000001e3f0000)]
  0x000000001d455000 JavaThread "Daemon periodic checks" [_thread_blocked, id=9732, stack(0x000000001e1f0000,0x000000001e2f0000)]
  0x000000001d3c7000 JavaThread "Incoming local TCP Connector on port 49469" [_thread_in_native, id=15532, stack(0x000000001e040000,0x000000001e140000)]
  0x000000001ce4f800 JavaThread "Daemon health stats" [_thread_blocked, id=14612, stack(0x000000001df20000,0x000000001e020000)]
  0x0000000019a88000 JavaThread "Service Thread" daemon [_thread_blocked, id=14852, stack(0x000000001b310000,0x000000001b410000)]
  0x0000000019a00800 JavaThread "C1 CompilerThread3" daemon [_thread_in_vm, id=17524, stack(0x000000001b210000,0x000000001b310000)]
=>0x00000000199ff800 JavaThread "C2 CompilerThread2" daemon [_thread_in_native, id=6684, stack(0x000000001b110000,0x000000001b210000)]
  0x00000000199a0000 JavaThread "C2 CompilerThread1" daemon [_thread_in_native, id=13040, stack(0x000000001b010000,0x000000001b110000)]
  0x0000000019999800 JavaThread "C2 CompilerThread0" daemon [_thread_in_native, id=3968, stack(0x000000001af10000,0x000000001b010000)]
  0x00000000199f7800 JavaThread "Attach Listener" daemon [_thread_blocked, id=16304, stack(0x000000001ae10000,0x000000001af10000)]
  0x00000000199f6800 JavaThread "Signal Dispatcher" daemon [_thread_blocked, id=16032, stack(0x000000001ad10000,0x000000001ae10000)]
  0x000000000303c000 JavaThread "Finalizer" daemon [_thread_blocked, id=6324, stack(0x000000001ac10000,0x000000001ad10000)]
  0x00000000182ac800 JavaThread "Reference Handler" daemon [_thread_blocked, id=16636, stack(0x000000001ab10000,0x000000001ac10000)]
  0x0000000002f3e800 JavaThread "main" [_thread_blocked, id=19056, stack(0x0000000002df0000,0x0000000002ef0000)]

Other Threads:
  0x00000000182a5800 VMThread [stack: 0x000000001aa10000,0x000000001ab10000] [id=13752]
  0x0000000019a89800 WatcherThread [stack: 0x000000001b410000,0x000000001b510000] [id=12476]

VM state:not at safepoint (normal execution)

VM Mutex/Monitor currently owned by a thread: None

heap address: 0x0000000080000000, size: 2048 MB, Compressed Oops mode: 32-bit
Narrow klass base: 0x0000000000000000, Narrow klass shift: 3
Compressed class space size: 1073741824 Address: 0x0000000100000000

Heap:
 PSYoungGen      total 237056K, used 46933K [0x00000000d5580000, 0x00000000e4e80000, 0x0000000100000000)
  eden space 225280K, 20% used [0x00000000d5580000,0x00000000d8355590,0x00000000e3180000)
  from space 11776K, 0% used [0x00000000e4300000,0x00000000e4300000,0x00000000e4e80000)
  to   space 14848K, 0% used [0x00000000e3180000,0x00000000e3180000,0x00000000e4000000)
 ParOldGen       total 132608K, used 33311K [0x0000000080000000, 0x0000000088180000, 0x00000000d5580000)
  object space 132608K, 25% used [0x0000000080000000,0x0000000082087f20,0x0000000088180000)
 Metaspace       used 59595K, capacity 61706K, committed 61976K, reserved 1101824K
  class space    used 8144K, capacity 8628K, committed 8744K, reserved 1048576K

Card table byte_map: [0x0000000012400000,0x0000000012810000] byte_map_base: 0x0000000012000000

Marking Bits: (ParMarkBitMap*) 0x000000005ddff030
 Begin Bits: [0x00000000134c0000, 0x00000000154c0000)
 End Bits:   [0x00000000154c0000, 0x00000000174c0000)

Polling page: 0x0000000000dd0000

CodeCache: size=245760Kb used=18434Kb max_used=19359Kb free=227325Kb
 bounds [0x0000000003040000, 0x0000000004340000, 0x0000000012040000]
 total_blobs=5999 nmethods=5214 adapters=696
 compilation: enabled

Compilation events (10 events):
Event: 4.387 Thread 0x0000000019a00800 5499       1       com.sun.xml.bind.v2.runtime.unmarshaller.UnmarshallingContext$State::access$600 (5 bytes)
Event: 4.387 Thread 0x0000000019a00800 nmethod 5499 0x0000000004332990 code [0x0000000004332ae0, 0x0000000004332bd0]
Event: 4.387 Thread 0x0000000019a00800 5500       3       com.sun.org.apache.xerces.internal.impl.XMLDocumentFragmentScannerImpl::getCharacterData (17 bytes)
Event: 4.387 Thread 0x0000000019a00800 nmethod 5500 0x0000000004332c50 code [0x0000000004332da0, 0x0000000004332f50]
Event: 4.396 Thread 0x0000000019a00800 5505       3       sun.nio.cs.StreamDecoder::ensureOpen (18 bytes)
Event: 4.396 Thread 0x0000000019a00800 nmethod 5505 0x0000000004332fd0 code [0x0000000004333140, 0x0000000004333388]
Event: 4.398 Thread 0x0000000019a00800 5506       3       com.google.common.collect.Iterators$9::hasNext (13 bytes)
Event: 4.398 Thread 0x0000000019a00800 nmethod 5506 0x0000000003177a50 code [0x0000000003177ba0, 0x0000000003177d50]
Event: 4.400 Thread 0x0000000019a00800 5507       3       java.util.ArrayDeque::size (18 bytes)
Event: 4.400 Thread 0x0000000019a00800 nmethod 5507 0x0000000003179f90 code [0x000000000317a0e0, 0x000000000317a250]

GC Heap History (10 events):
Event: 2.287 GC heap before
{Heap before GC invocations=7 (full 1):
 PSYoungGen      total 141824K, used 67244K [0x00000000d5580000, 0x00000000e5280000, 0x0000000100000000)
  eden space 131072K, 43% used [0x00000000d5580000,0x00000000d8cb02c0,0x00000000dd580000)
  from space 10752K, 99% used [0x00000000dd580000,0x00000000ddffad58,0x00000000de000000)
  to   space 15872K, 0% used [0x00000000e4300000,0x00000000e4300000,0x00000000e5280000)
 ParOldGen       total 90112K, used 10277K [0x0000000080000000, 0x0000000085800000, 0x00000000d5580000)
  object space 90112K, 11% used [0x0000000080000000,0x0000000080a097f0,0x0000000085800000)
 Metaspace       used 34487K, capacity 35354K, committed 35496K, reserved 1079296K
  class space    used 4721K, capacity 4938K, committed 5032K, reserved 1048576K
Event: 2.291 GC heap after
Heap after GC invocations=7 (full 1):
 PSYoungGen      total 237056K, used 9665K [0x00000000d5580000, 0x00000000e4e80000, 0x0000000100000000)
  eden space 225280K, 0% used [0x00000000d5580000,0x00000000d5580000,0x00000000e3180000)
  from space 11776K, 82% used [0x00000000e4300000,0x00000000e4c70458,0x00000000e4e80000)
  to   space 14848K, 0% used [0x00000000e3180000,0x00000000e3180000,0x00000000e4000000)
 ParOldGen       total 90112K, used 10285K [0x0000000080000000, 0x0000000085800000, 0x00000000d5580000)
  object space 90112K, 11% used [0x0000000080000000,0x0000000080a0b7f0,0x0000000085800000)
 Metaspace       used 34487K, capacity 35354K, committed 35496K, reserved 1079296K
  class space    used 4721K, capacity 4938K, committed 5032K, reserved 1048576K
}
Event: 2.291 GC heap before
{Heap before GC invocations=8 (full 2):
 PSYoungGen      total 237056K, used 9665K [0x00000000d5580000, 0x00000000e4e80000, 0x0000000100000000)
  eden space 225280K, 0% used [0x00000000d5580000,0x00000000d5580000,0x00000000e3180000)
  from space 11776K, 82% used [0x00000000e4300000,0x00000000e4c70458,0x00000000e4e80000)
  to   space 14848K, 0% used [0x00000000e3180000,0x00000000e3180000,0x00000000e4000000)
 ParOldGen       total 90112K, used 10285K [0x0000000080000000, 0x0000000085800000, 0x00000000d5580000)
  object space 90112K, 11% used [0x0000000080000000,0x0000000080a0b7f0,0x0000000085800000)
 Metaspace       used 34487K, capacity 35354K, committed 35496K, reserved 1079296K
  class space    used 4721K, capacity 4938K, committed 5032K, reserved 1048576K
Event: 2.319 GC heap after
Heap after GC invocations=8 (full 2):
 PSYoungGen      total 237056K, used 0K [0x00000000d5580000, 0x00000000e4e80000, 0x0000000100000000)
  eden space 225280K, 0% used [0x00000000d5580000,0x00000000d5580000,0x00000000e3180000)
  from space 11776K, 0% used [0x00000000e4300000,0x00000000e4300000,0x00000000e4e80000)
  to   space 14848K, 0% used [0x00000000e3180000,0x00000000e3180000,0x00000000e4000000)
 ParOldGen       total 132608K, used 16490K [0x0000000080000000, 0x0000000088180000, 0x00000000d5580000)
  object space 132608K, 12% used [0x0000000080000000,0x000000008101aa28,0x0000000088180000)
 Metaspace       used 34487K, capacity 35354K, committed 35496K, reserved 1079296K
  class space    used 4721K, capacity 4938K, committed 5032K, reserved 1048576K
}
Event: 3.633 GC heap before
{Heap before GC invocations=9 (full 2):
 PSYoungGen      total 237056K, used 225280K [0x00000000d5580000, 0x00000000e4e80000, 0x0000000100000000)
  eden space 225280K, 100% used [0x00000000d5580000,0x00000000e3180000,0x00000000e3180000)
  from space 11776K, 0% used [0x00000000e4300000,0x00000000e4300000,0x00000000e4e80000)
  to   space 14848K, 0% used [0x00000000e3180000,0x00000000e3180000,0x00000000e4000000)
 ParOldGen       total 132608K, used 16490K [0x0000000080000000, 0x0000000088180000, 0x00000000d5580000)
  object space 132608K, 12% used [0x0000000080000000,0x000000008101aa28,0x0000000088180000)
 Metaspace       used 51939K, capacity 53748K, committed 53928K, reserved 1095680K
  class space    used 6915K, capacity 7313K, committed 7336K, reserved 1048576K
Event: 3.647 GC heap after
Heap after GC invocations=9 (full 2):
 PSYoungGen      total 240128K, used 14840K [0x00000000d5580000, 0x00000000e4e80000, 0x0000000100000000)
  eden space 225280K, 0% used [0x00000000d5580000,0x00000000d5580000,0x00000000e3180000)
  from space 14848K, 99% used [0x00000000e3180000,0x00000000e3ffe1a0,0x00000000e4000000)
  to   space 11776K, 0% used [0x00000000e4300000,0x00000000e4300000,0x00000000e4e80000)
 ParOldGen       total 132608K, used 27328K [0x0000000080000000, 0x0000000088180000, 0x00000000d5580000)
  object space 132608K, 20% used [0x0000000080000000,0x0000000081ab01a0,0x0000000088180000)
 Metaspace       used 51939K, capacity 53748K, committed 53928K, reserved 1095680K
  class space    used 6915K, capacity 7313K, committed 7336K, reserved 1048576K
}
Event: 4.058 GC heap before
{Heap before GC invocations=10 (full 2):
 PSYoungGen      total 240128K, used 74100K [0x00000000d5580000, 0x00000000e4e80000, 0x0000000100000000)
  eden space 225280K, 26% used [0x00000000d5580000,0x00000000d8f5f0e8,0x00000000e3180000)
  from space 14848K, 99% used [0x00000000e3180000,0x00000000e3ffe1a0,0x00000000e4000000)
  to   space 11776K, 0% used [0x00000000e4300000,0x00000000e4300000,0x00000000e4e80000)
 ParOldGen       total 132608K, used 27328K [0x0000000080000000, 0x0000000088180000, 0x00000000d5580000)
  object space 132608K, 20% used [0x0000000080000000,0x0000000081ab01a0,0x0000000088180000)
 Metaspace       used 56977K, capacity 59092K, committed 59160K, reserved 1099776K
  class space    used 7704K, capacity 8181K, committed 8232K, reserved 1048576K
Event: 4.067 GC heap after
Heap after GC invocations=10 (full 2):
 PSYoungGen      total 237056K, used 11748K [0x00000000d5580000, 0x00000000e4e80000, 0x0000000100000000)
  eden space 225280K, 0% used [0x00000000d5580000,0x00000000d5580000,0x00000000e3180000)
  from space 11776K, 99% used [0x00000000e4300000,0x00000000e4e79330,0x00000000e4e80000)
  to   space 14848K, 0% used [0x00000000e3180000,0x00000000e3180000,0x00000000e4000000)
 ParOldGen       total 132608K, used 36024K [0x0000000080000000, 0x0000000088180000, 0x00000000d5580000)
  object space 132608K, 27% used [0x0000000080000000,0x000000008232e2a0,0x0000000088180000)
 Metaspace       used 56977K, capacity 59092K, committed 59160K, reserved 1099776K
  class space    used 7704K, capacity 8181K, committed 8232K, reserved 1048576K
}
Event: 4.067 GC heap before
{Heap before GC invocations=11 (full 3):
 PSYoungGen      total 237056K, used 11748K [0x00000000d5580000, 0x00000000e4e80000, 0x0000000100000000)
  eden space 225280K, 0% used [0x00000000d5580000,0x00000000d5580000,0x00000000e3180000)
  from space 11776K, 99% used [0x00000000e4300000,0x00000000e4e79330,0x00000000e4e80000)
  to   space 14848K, 0% used [0x00000000e3180000,0x00000000e3180000,0x00000000e4000000)
 ParOldGen       total 132608K, used 36024K [0x0000000080000000, 0x0000000088180000, 0x00000000d5580000)
  object space 132608K, 27% used [0x0000000080000000,0x000000008232e2a0,0x0000000088180000)
 Metaspace       used 56977K, capacity 59092K, committed 59160K, reserved 1099776K
  class space    used 7704K, capacity 8181K, committed 8232K, reserved 1048576K
Event: 4.205 GC heap after
Heap after GC invocations=11 (full 3):
 PSYoungGen      total 237056K, used 0K [0x00000000d5580000, 0x00000000e4e80000, 0x0000000100000000)
  eden space 225280K, 0% used [0x00000000d5580000,0x00000000d5580000,0x00000000e3180000)
  from space 11776K, 0% used [0x00000000e4300000,0x00000000e4300000,0x00000000e4e80000)
  to   space 14848K, 0% used [0x00000000e3180000,0x00000000e3180000,0x00000000e4000000)
 ParOldGen       total 132608K, used 33311K [0x0000000080000000, 0x0000000088180000, 0x00000000d5580000)
  object space 132608K, 25% used [0x0000000080000000,0x0000000082087f20,0x0000000088180000)
 Metaspace       used 56943K, capacity 58978K, committed 59160K, reserved 1099776K
  class space    used 7693K, capacity 8162K, committed 8232K, reserved 1048576K
}

Deoptimization events (10 events):
Event: 4.241 Thread 0x000000001d3db800 Uncommon trap: reason=bimorphic action=maybe_recompile pc=0x0000000003f13284 method=java.util.regex.Pattern$5.isSatisfiedBy(I)Z @ 16
Event: 4.241 Thread 0x000000001d3db800 Uncommon trap: reason=bimorphic action=maybe_recompile pc=0x0000000003f13284 method=java.util.regex.Pattern$5.isSatisfiedBy(I)Z @ 16
Event: 4.241 Thread 0x000000001d3db800 Uncommon trap: reason=bimorphic action=maybe_recompile pc=0x0000000003f13284 method=java.util.regex.Pattern$5.isSatisfiedBy(I)Z @ 16
Event: 4.241 Thread 0x000000001d3db800 Uncommon trap: reason=bimorphic action=maybe_recompile pc=0x0000000003f13284 method=java.util.regex.Pattern$5.isSatisfiedBy(I)Z @ 16
Event: 4.372 Thread 0x000000001d3db800 Uncommon trap: reason=unstable_if action=reinterpret pc=0x000000000360ede8 method=java.util.regex.Pattern$BmpCharProperty.match(Ljava/util/regex/Matcher;ILjava/lang/CharSequence;)Z @ 34
Event: 4.374 Thread 0x000000001d3db800 Uncommon trap: reason=unstable_if action=reinterpret pc=0x0000000003f783c4 method=com.sun.org.apache.xerces.internal.impl.XMLEntityScanner.scanLiteral(ILcom/sun/org/apache/xerces/internal/xni/XMLString;Z)I @ 660
Event: 4.375 Thread 0x000000001d3db800 Uncommon trap: reason=unstable_if action=reinterpret pc=0x00000000042935f8 method=com.sun.org.apache.xerces.internal.impl.XMLEntityScanner.peekChar()I @ 14
Event: 4.379 Thread 0x000000001d3db800 Uncommon trap: reason=unstable_if action=reinterpret pc=0x0000000003f89e08 method=com.sun.org.apache.xerces.internal.util.SymbolTable.addSymbol([CII)Ljava/lang/String; @ 38
Event: 4.380 Thread 0x000000001d3db800 Uncommon trap: reason=unstable_if action=reinterpret pc=0x0000000003d54818 method=java.lang.CharacterDataLatin1.digit(II)I @ 31
Event: 4.388 Thread 0x000000001d3db800 Uncommon trap: reason=unstable_if action=reinterpret pc=0x00000000040a2d1c method=java.lang.CharacterDataLatin1.digit(II)I @ 31

Classes redefined (0 events):
No events

Internal exceptions (10 events):
Event: 3.664 Thread 0x000000001d3db800 Exception <a 'java/lang/NoSuchMethodError': java.lang.Object.lambda$comparingInt$7b0bb60$1(Ljava/util/function/ToIntFunction;Ljava/lang/Object;Ljava/lang/Object;)I> (0x00000000d5787558) thrown at [C:\src\AOSP-openjdk-git\hotspot\src\share\vm\interpreter\l
Event: 3.871 Thread 0x000000001d3db800 Exception <a 'java/lang/ClassNotFoundException': com/android/build/gradle/internal/api/ApkVariantOutputImpl_DecoratedBeanInfo> (0x00000000d702bde0) thrown at [C:\src\AOSP-openjdk-git\hotspot\src\share\vm\classfile\systemDictionary.cpp, line 210]
Event: 3.871 Thread 0x000000001d3db800 Exception <a 'java/lang/ClassNotFoundException': com/android/build/gradle/internal/api/ApkVariantOutputImplBeanInfo> (0x00000000d704b590) thrown at [C:\src\AOSP-openjdk-git\hotspot\src\share\vm\classfile\systemDictionary.cpp, line 210]
Event: 3.871 Thread 0x000000001d3db800 Exception <a 'java/lang/ClassNotFoundException': com/android/build/gradle/internal/api/BaseVariantOutputImplBeanInfo> (0x00000000d706c310) thrown at [C:\src\AOSP-openjdk-git\hotspot\src\share\vm\classfile\systemDictionary.cpp, line 210]
Event: 3.872 Thread 0x000000001d3db800 Exception <a 'java/lang/ClassNotFoundException': com/android/build/gradle/internal/api/BaseVariantOutputImplCustomizer> (0x00000000d708d690) thrown at [C:\src\AOSP-openjdk-git\hotspot\src\share\vm\classfile\systemDictionary.cpp, line 210]
Event: 3.872 Thread 0x000000001d3db800 Exception <a 'java/lang/ClassNotFoundException': com/android/build/gradle/internal/api/ApkVariantOutputImplCustomizer> (0x00000000d70c85b8) thrown at [C:\src\AOSP-openjdk-git\hotspot\src\share\vm\classfile\systemDictionary.cpp, line 210]
Event: 3.872 Thread 0x000000001d3db800 Exception <a 'java/lang/ClassNotFoundException': com/android/build/gradle/internal/api/ApkVariantOutputImpl_DecoratedCustomizer> (0x00000000d70fef18) thrown at [C:\src\AOSP-openjdk-git\hotspot\src\share\vm\classfile\systemDictionary.cpp, line 210]
Event: 3.941 Thread 0x000000001d3db800 Implicit null exception at 0x0000000003e08f37 to 0x0000000003e09405
Event: 4.256 Thread 0x000000001d3db800 Exception <a 'java/lang/ClassNotFoundException': com/sun/org/glassfish/hk2/osgiresourcelocator/ServiceLoader> (0x00000000d61ddf70) thrown at [C:\src\AOSP-openjdk-git\hotspot\src\share\vm\classfile\systemDictionary.cpp, line 210]
Event: 4.276 Thread 0x000000001d3db800 Exception <a 'java/lang/NullPointerException'> (0x00000000d6b9e890) thrown at [C:\src\AOSP-openjdk-git\hotspot\src\share\vm\interpreter\linkResolver.cpp, line 1287]

Events (10 events):
Event: 4.398 loading class org/gradle/api/internal/tasks/FailureCollectingTaskDependencyResolveContext
Event: 4.398 loading class org/gradle/api/internal/tasks/FailureCollectingTaskDependencyResolveContext done
Event: 4.399 loading class org/gradle/api/internal/file/collections/ImmutableFileCollection
Event: 4.399 loading class org/gradle/api/internal/file/collections/ImmutableFileCollection done
Event: 4.399 loading class org/gradle/api/internal/file/collections/ImmutableFileCollection$1
Event: 4.399 loading class org/gradle/api/internal/file/collections/ImmutableFileCollection$1 done
Event: 4.399 loading class org/gradle/api/internal/file/collections/ImmutableFileCollection$FileOnlyImmutableFileCollection
Event: 4.399 loading class org/gradle/api/internal/file/collections/ImmutableFileCollection$FileOnlyImmutableFileCollection done
Event: 4.400 loading class org/gradle/api/internal/file/AbstractFileCollection$4
Event: 4.400 loading class org/gradle/api/internal/file/AbstractFileCollection$4 done


Dynamic libraries:
0x00007ff7e30d0000 - 0x00007ff7e3101000 	D:\software\install_path\androidStudio\jre\bin\java.exe
0x00007ff92a8b0000 - 0x00007ff92aaa4000 	C:\Windows\SYSTEM32\ntdll.dll
0x00007ff92a0b0000 - 0x00007ff92a16d000 	C:\Windows\System32\KERNEL32.DLL
0x00007ff928260000 - 0x00007ff928527000 	C:\Windows\System32\KERNELBASE.dll
0x00007ff929470000 - 0x00007ff92951a000 	C:\Windows\System32\ADVAPI32.dll
0x00007ff929650000 - 0x00007ff9296ee000 	C:\Windows\System32\msvcrt.dll
0x00007ff929150000 - 0x00007ff9291eb000 	C:\Windows\System32\sechost.dll
0x00007ff929520000 - 0x00007ff929643000 	C:\Windows\System32\RPCRT4.dll
0x00007ff92a1a0000 - 0x00007ff92a340000 	C:\Windows\System32\USER32.dll
0x00007ff9281b0000 - 0x00007ff9281d2000 	C:\Windows\System32\win32u.dll
0x00007ff92a170000 - 0x00007ff92a19a000 	C:\Windows\System32\GDI32.dll
0x00007ff9280a0000 - 0x00007ff9281aa000 	C:\Windows\System32\gdi32full.dll
0x00007ff928870000 - 0x00007ff92890d000 	C:\Windows\System32\msvcp_win.dll
0x00007ff928560000 - 0x00007ff928660000 	C:\Windows\System32\ucrtbase.dll
0x00007ff90f050000 - 0x00007ff90f2ea000 	C:\Windows\WinSxS\amd64_microsoft.windows.common-controls_6595b64144ccf1df_6.0.19041.1_none_b555e41d4684ddec\COMCTL32.dll
0x00007ff9292d0000 - 0x00007ff929300000 	C:\Windows\System32\IMM32.DLL
0x000000005d550000 - 0x000000005d622000 	D:\software\install_path\androidStudio\jre\jre\bin\msvcr100.dll
0x000000005d630000 - 0x000000005de7b000 	D:\software\install_path\androidStudio\jre\jre\bin\server\jvm.dll
0x00007ff929a80000 - 0x00007ff929a88000 	C:\Windows\System32\PSAPI.DLL
0x00007ff920730000 - 0x00007ff92073a000 	C:\Windows\SYSTEM32\VERSION.dll
0x00007ff920700000 - 0x00007ff920727000 	C:\Windows\SYSTEM32\WINMM.dll
0x00007ff919860000 - 0x00007ff919869000 	C:\Windows\SYSTEM32\WSOCK32.dll
0x00007ff929920000 - 0x00007ff92998b000 	C:\Windows\System32\WS2_32.dll
0x00007ff919850000 - 0x00007ff91985f000 	D:\software\install_path\androidStudio\jre\jre\bin\verify.dll
0x00007ff919820000 - 0x00007ff919849000 	D:\software\install_path\androidStudio\jre\jre\bin\java.dll
0x00007ff9111a0000 - 0x00007ff9111b6000 	D:\software\install_path\androidStudio\jre\jre\bin\zip.dll
0x00007ff928970000 - 0x00007ff9290a1000 	C:\Windows\System32\SHELL32.dll
0x00007ff9261a0000 - 0x00007ff92692a000 	C:\Windows\SYSTEM32\windows.storage.dll
0x00007ff92a510000 - 0x00007ff92a864000 	C:\Windows\System32\combase.dll
0x00007ff927a70000 - 0x00007ff927a9b000 	C:\Windows\SYSTEM32\Wldp.dll
0x00007ff92a460000 - 0x00007ff92a50e000 	C:\Windows\System32\SHCORE.dll
0x00007ff929360000 - 0x00007ff9293b5000 	C:\Windows\System32\shlwapi.dll
0x00007ff927f30000 - 0x00007ff927f4f000 	C:\Windows\SYSTEM32\profapi.dll
0x00007ff911180000 - 0x00007ff91119a000 	D:\software\install_path\androidStudio\jre\jre\bin\net.dll
0x00007ff9277f0000 - 0x00007ff92785a000 	C:\Windows\system32\mswsock.dll
0x00007ff907c90000 - 0x00007ff907ca3000 	D:\software\install_path\androidStudio\jre\jre\bin\nio.dll
0x00007ff9179a0000 - 0x00007ff9179c6000 	D:\resources\android\.gradle\native\31\windows-amd64\native-platform.dll
0x00007ff919810000 - 0x00007ff91981d000 	D:\software\install_path\androidStudio\jre\jre\bin\management.dll
0x00007ff9279d0000 - 0x00007ff9279e8000 	C:\Windows\SYSTEM32\CRYPTSP.dll
0x00007ff927110000 - 0x00007ff927144000 	C:\Windows\system32\rsaenh.dll
0x00007ff928530000 - 0x00007ff928557000 	C:\Windows\System32\bcrypt.dll
0x00007ff927ef0000 - 0x00007ff927f1e000 	C:\Windows\SYSTEM32\USERENV.dll
0x00007ff9281e0000 - 0x00007ff92825f000 	C:\Windows\System32\bcryptprimitives.dll
0x00007ff9279c0000 - 0x00007ff9279cc000 	C:\Windows\SYSTEM32\CRYPTBASE.dll
0x00007ff927490000 - 0x00007ff9274cb000 	C:\Windows\SYSTEM32\IPHLPAPI.DLL
0x00007ff9296f0000 - 0x00007ff9296f9000 	C:\Windows\System32\NSI.dll
0x00007ff922210000 - 0x00007ff922227000 	C:\Windows\SYSTEM32\dhcpcsvc6.DLL
0x00007ff9221f0000 - 0x00007ff92220d000 	C:\Windows\SYSTEM32\dhcpcsvc.DLL
0x00007ff9274e0000 - 0x00007ff9275aa000 	C:\Windows\SYSTEM32\DNSAPI.dll

VM Arguments:
jvm_args: -Xmx2048m -Dfile.encoding=GBK -Duser.country=CN -Duser.language=zh -Duser.variant 
java_command: org.gradle.launcher.daemon.bootstrap.GradleDaemon 6.1.1
java_class_path (initial): D:\resources\android\.gradle\wrapper\dists\gradle-6.1.1-all\cfmwm155h49vnt3hynmlrsdst\gradle-6.1.1\lib\gradle-launcher-6.1.1.jar
Launcher Type: SUN_STANDARD

Environment Variables:
JAVA_HOME=C:\Program Files\AdoptOpenJDK\jdk-11.0.7.10-hotspot
PATH=C:\Program Files\AdoptOpenJDK\jdk-11.0.7.10-hotspot\bin;C:\Program Files (x86)\Common Files\Oracle\Java\javapath;C:\Windows\system32;C:\Windows;C:\Windows\System32\Wbem;C:\Windows\System32\WindowsPowerShell\v1.0\;C:\Windows\System32\OpenSSH\;C:\Program Files\Git\cmd;C:\Program Files\nodejs\;C:\Program Files\AdoptOpenJDK\jdk-11.0.7.10-hotspot\bin;C:\Program Files\AdoptOpenJDK\jdk-11.0.7.10-hotspot\jre\bin;D:\resources\android\sdk\tools;D:\resources\android\sdk\platform-tools;D:\resources\android\.gradle\wrapper\dists\gradle-6.1.1-all\cfmwm155h49vnt3hynmlrsdst\gradle-6.1.1\bin;D:\software\apache-maven-3.6.3\bin;D:\resources\flutter\flutter\bin;C:\Users\Administrator\AppData\Local\Microsoft\WindowsApps;D:\software\install_path\Fiddler;C:\Users\Administrator\AppData\Local\GitHubDesktop\bin;C:\Users\Administrator\AppData\Roaming\npm;D:\software\install_path\Microsoft VS Code\bin
USERNAME=Administrator
OS=Windows_NT
PROCESSOR_IDENTIFIER=AMD64 Family 23 Model 113 Stepping 0, AuthenticAMD



---------------  S Y S T E M  ---------------

OS: Windows 10.0 , 64 bit Build 19041 (10.0.19041.207)

CPU:total 12 (initial active 12) (12 cores per cpu, 1 threads per core) family 23 model 113 stepping 0, cmov, cx8, fxsr, mmx, sse, sse2, sse3, ssse3, sse4.1, sse4.2, popcnt, avx, avx2, aes, clmul, mmxext, 3dnowpref, lzcnt, sse4a, tsc, tscinvbit, tscinv, bmi1

Memory: 4k page, physical 16726724k(6417356k free), swap 32960064k(5428k free)

vm_info: OpenJDK 64-Bit Server VM (25.242-b01) for windows-amd64 JRE (1.8.0_242-release-1644-b01), built by "builder" with MS VC++ 10.0 (VS2010)

time: Wed Jul 08 00:59:28 2020
timezone: 中国标准时间
elapsed time: 4 seconds (0d 0h 0m 4s)

